2016-07-10 17:29:55,445 [Worker-3] INFO  o.e.m.c.i.l.LifecycleMappingFactory - Using NULL lifecycle mapping for MavenProject: com.webvue.ecom:ecom-parent:0.0.1-SNAPSHOT @ C:\work\startup\ecom_iteration4\ecom-parent\pom.xml.
2016-07-10 17:30:35,472 [Worker-13] INFO  o.e.m.c.i.l.LifecycleMappingFactory - Using NULL lifecycle mapping for MavenProject: com.webvue.ecom:ecom-parent:0.0.1-SNAPSHOT @ C:\work\startup\ecom_iteration4\ecom-parent\pom.xml.
2016-07-10 17:31:25,911 [Worker-3] INFO  o.e.m.c.i.l.LifecycleMappingFactory - Using org.eclipse.m2e.jdt.JarLifecycleMapping lifecycle mapping for MavenProject: com.webvue.ecom:ecom-core:0.0.1-SNAPSHOT @ C:\work\startup\ecom_iteration4\ecom-core\pom.xml.
2016-07-10 17:31:27,769 [Worker-3] INFO  o.e.m.j.i.AbstractJavaProjectConfigurator - Adding source folder /ecom-core/src/main/java
2016-07-10 17:31:27,772 [Worker-3] INFO  o.e.m.j.i.AbstractJavaProjectConfigurator - Adding resource folder /ecom-core/src/main/resources
2016-07-10 17:31:27,787 [Worker-3] INFO  o.e.m.j.i.AbstractJavaProjectConfigurator - Adding source folder /ecom-core/src/test/java
2016-07-10 17:31:27,787 [Worker-3] INFO  o.e.m.j.i.AbstractJavaProjectConfigurator - Adding resource folder /ecom-core/src/test/resources
2016-07-10 17:31:29,369 [Worker-8] INFO  o.e.m.c.i.embedder.EclipseLogger - Using 'UTF-8' encoding to copy filtered resources.
2016-07-10 17:31:29,374 [Worker-8] INFO  o.e.m.c.i.embedder.EclipseLogger - Copying 0 resource
2016-07-10 17:31:29,377 [Worker-8] INFO  o.e.m.c.i.embedder.EclipseLogger - Using 'UTF-8' encoding to copy filtered resources.
2016-07-10 17:31:29,377 [Worker-8] INFO  o.e.m.c.i.embedder.EclipseLogger - Copying 0 resource
2016-07-10 17:33:17,891 [Worker-13] INFO  o.e.m.c.i.l.LifecycleMappingFactory - Using org.eclipse.m2e.jdt.JarLifecycleMapping lifecycle mapping for MavenProject: com.webvue.ecom:ecom-core:0.0.1-SNAPSHOT @ C:\work\startup\ecom_iteration4\ecom-core\pom.xml.
2016-07-10 17:33:19,063 [Worker-13] INFO  o.e.m.c.i.embedder.EclipseLogger - Using 'UTF-8' encoding to copy filtered resources.
2016-07-10 17:33:19,070 [Worker-13] INFO  o.e.m.c.i.embedder.EclipseLogger - Copying 0 resource
2016-07-10 17:33:19,074 [Worker-13] INFO  o.e.m.c.i.embedder.EclipseLogger - Using 'UTF-8' encoding to copy filtered resources.
2016-07-10 17:33:19,075 [Worker-13] INFO  o.e.m.c.i.embedder.EclipseLogger - Copying 0 resource
2016-07-10 17:33:21,145 [Worker-17] INFO  o.e.m.c.i.embedder.EclipseLogger - Using 'UTF-8' encoding to copy filtered resources.
2016-07-10 17:33:21,148 [Worker-17] INFO  o.e.m.c.i.embedder.EclipseLogger - Copying 0 resource
2016-07-10 17:33:21,150 [Worker-17] INFO  o.e.m.c.i.embedder.EclipseLogger - Using 'UTF-8' encoding to copy filtered resources.
2016-07-10 17:33:21,150 [Worker-17] INFO  o.e.m.c.i.embedder.EclipseLogger - Copying 0 resource
2016-07-10 17:33:23,579 [Worker-16] INFO  o.e.m.c.i.l.LifecycleMappingFactory - Using org.eclipse.m2e.jdt.JarLifecycleMapping lifecycle mapping for MavenProject: com.webvue.ecom:ecom-core:0.0.1-SNAPSHOT @ C:\work\startup\ecom_iteration4\ecom-core\pom.xml.
2016-07-10 17:33:24,397 [Worker-16] INFO  o.e.m.c.i.embedder.EclipseLogger - Using 'UTF-8' encoding to copy filtered resources.
2016-07-10 17:33:24,402 [Worker-16] INFO  o.e.m.c.i.embedder.EclipseLogger - Copying 0 resource
2016-07-10 17:33:24,404 [Worker-16] INFO  o.e.m.c.i.embedder.EclipseLogger - Using 'UTF-8' encoding to copy filtered resources.
2016-07-10 17:33:24,405 [Worker-16] INFO  o.e.m.c.i.embedder.EclipseLogger - Copying 0 resource
2016-07-10 17:33:32,280 [Worker-13] INFO  o.e.m.c.i.p.ProjectConfigurationManager - Update started
2016-07-10 17:33:33,279 [Worker-13] INFO  o.e.m.c.i.l.LifecycleMappingFactory - Using org.eclipse.m2e.jdt.JarLifecycleMapping lifecycle mapping for MavenProject: com.webvue.ecom:ecom-core:0.0.1-SNAPSHOT @ C:\work\startup\ecom_iteration4\ecom-core\pom.xml.
2016-07-10 17:33:34,105 [Worker-13] INFO  o.e.m.j.i.AbstractJavaProjectConfigurator - Adding source folder /ecom-core/src/main/java
2016-07-10 17:33:34,106 [Worker-13] INFO  o.e.m.j.i.AbstractJavaProjectConfigurator - Adding resource folder /ecom-core/src/main/resources
2016-07-10 17:33:34,107 [Worker-13] INFO  o.e.m.j.i.AbstractJavaProjectConfigurator - Adding source folder /ecom-core/src/test/java
2016-07-10 17:33:34,107 [Worker-13] INFO  o.e.m.j.i.AbstractJavaProjectConfigurator - Adding resource folder /ecom-core/src/test/resources
2016-07-10 17:33:34,254 [Worker-13] INFO  o.e.m.c.i.p.ProjectConfigurationManager - Update completed: 1 sec
2016-07-10 17:33:34,830 [Worker-3] INFO  o.e.m.c.i.embedder.EclipseLogger - Using 'UTF-8' encoding to copy filtered resources.
2016-07-10 17:33:34,831 [Worker-3] INFO  o.e.m.c.i.embedder.EclipseLogger - Copying 0 resource
2016-07-10 17:33:34,834 [Worker-3] INFO  o.e.m.c.i.embedder.EclipseLogger - Using 'UTF-8' encoding to copy filtered resources.
2016-07-10 17:33:34,834 [Worker-3] INFO  o.e.m.c.i.embedder.EclipseLogger - Copying 0 resource
2016-07-10 17:34:46,112 [Worker-14] INFO  o.e.m.c.i.embedder.EclipseLogger - Using 'UTF-8' encoding to copy filtered resources.
2016-07-10 17:34:46,122 [Worker-14] INFO  o.e.m.c.i.embedder.EclipseLogger - Copying 0 resource
2016-07-10 17:34:46,125 [Worker-14] INFO  o.e.m.c.i.embedder.EclipseLogger - Using 'UTF-8' encoding to copy filtered resources.
2016-07-10 17:34:46,126 [Worker-14] INFO  o.e.m.c.i.embedder.EclipseLogger - Copying 0 resource
2016-07-10 17:35:11,557 [Worker-13] INFO  o.e.m.c.i.embedder.EclipseLogger - Using 'UTF-8' encoding to copy filtered resources.
2016-07-10 17:35:11,558 [Worker-13] INFO  o.e.m.c.i.embedder.EclipseLogger - Copying 0 resource
2016-07-10 17:35:11,561 [Worker-13] INFO  o.e.m.c.i.embedder.EclipseLogger - Using 'UTF-8' encoding to copy filtered resources.
2016-07-10 17:35:11,561 [Worker-13] INFO  o.e.m.c.i.embedder.EclipseLogger - Copying 0 resource
2016-07-10 17:35:25,802 [Worker-20] INFO  o.e.m.c.i.embedder.EclipseLogger - Using 'UTF-8' encoding to copy filtered resources.
2016-07-10 17:35:25,805 [Worker-20] INFO  o.e.m.c.i.embedder.EclipseLogger - Copying 0 resource
2016-07-10 17:35:25,807 [Worker-20] INFO  o.e.m.c.i.embedder.EclipseLogger - Using 'UTF-8' encoding to copy filtered resources.
2016-07-10 17:35:25,808 [Worker-20] INFO  o.e.m.c.i.embedder.EclipseLogger - Copying 0 resource
2016-07-10 17:35:41,729 [Worker-14] INFO  o.e.m.c.i.embedder.EclipseLogger - Using 'UTF-8' encoding to copy filtered resources.
2016-07-10 17:35:41,730 [Worker-14] INFO  o.e.m.c.i.embedder.EclipseLogger - Copying 0 resource
2016-07-10 17:35:41,732 [Worker-14] INFO  o.e.m.c.i.embedder.EclipseLogger - Using 'UTF-8' encoding to copy filtered resources.
2016-07-10 17:35:41,732 [Worker-14] INFO  o.e.m.c.i.embedder.EclipseLogger - Copying 0 resource
2016-07-10 17:36:26,114 [Worker-20] INFO  o.e.m.c.i.embedder.EclipseLogger - Using 'UTF-8' encoding to copy filtered resources.
2016-07-10 17:36:26,115 [Worker-20] INFO  o.e.m.c.i.embedder.EclipseLogger - Copying 0 resource
2016-07-10 17:36:26,117 [Worker-20] INFO  o.e.m.c.i.embedder.EclipseLogger - Using 'UTF-8' encoding to copy filtered resources.
2016-07-10 17:36:26,118 [Worker-20] INFO  o.e.m.c.i.embedder.EclipseLogger - Copying 0 resource
2016-07-10 17:37:20,728 [Worker-17] INFO  o.e.m.c.i.embedder.EclipseLogger - Using 'UTF-8' encoding to copy filtered resources.
2016-07-10 17:37:20,729 [Worker-17] INFO  o.e.m.c.i.embedder.EclipseLogger - Copying 0 resource
2016-07-10 17:37:20,731 [Worker-17] INFO  o.e.m.c.i.embedder.EclipseLogger - Using 'UTF-8' encoding to copy filtered resources.
2016-07-10 17:37:20,731 [Worker-17] INFO  o.e.m.c.i.embedder.EclipseLogger - Copying 0 resource
2016-07-10 17:37:39,273 [Worker-17] INFO  o.e.m.c.i.embedder.EclipseLogger - Using 'UTF-8' encoding to copy filtered resources.
2016-07-10 17:37:39,274 [Worker-17] INFO  o.e.m.c.i.embedder.EclipseLogger - Copying 0 resource
2016-07-10 17:37:39,277 [Worker-17] INFO  o.e.m.c.i.embedder.EclipseLogger - Using 'UTF-8' encoding to copy filtered resources.
2016-07-10 17:37:39,278 [Worker-17] INFO  o.e.m.c.i.embedder.EclipseLogger - Copying 0 resource
2016-07-10 17:38:10,485 [Worker-16] INFO  o.e.m.c.i.embedder.EclipseLogger - Using 'UTF-8' encoding to copy filtered resources.
2016-07-10 17:38:10,486 [Worker-16] INFO  o.e.m.c.i.embedder.EclipseLogger - Copying 0 resource
2016-07-10 17:38:10,491 [Worker-16] INFO  o.e.m.c.i.embedder.EclipseLogger - Using 'UTF-8' encoding to copy filtered resources.
2016-07-10 17:38:10,492 [Worker-16] INFO  o.e.m.c.i.embedder.EclipseLogger - Copying 0 resource
2016-07-10 17:38:18,197 [Worker-17] INFO  o.e.m.c.i.embedder.EclipseLogger - Using 'UTF-8' encoding to copy filtered resources.
2016-07-10 17:38:18,199 [Worker-17] INFO  o.e.m.c.i.embedder.EclipseLogger - Copying 0 resource
2016-07-10 17:38:18,204 [Worker-17] INFO  o.e.m.c.i.embedder.EclipseLogger - Using 'UTF-8' encoding to copy filtered resources.
2016-07-10 17:38:18,204 [Worker-17] INFO  o.e.m.c.i.embedder.EclipseLogger - Copying 0 resource
2016-07-10 17:38:26,922 [Worker-19] INFO  o.e.m.c.i.embedder.EclipseLogger - Using 'UTF-8' encoding to copy filtered resources.
2016-07-10 17:38:26,923 [Worker-19] INFO  o.e.m.c.i.embedder.EclipseLogger - Copying 0 resource
2016-07-10 17:38:26,925 [Worker-19] INFO  o.e.m.c.i.embedder.EclipseLogger - Using 'UTF-8' encoding to copy filtered resources.
2016-07-10 17:38:26,925 [Worker-19] INFO  o.e.m.c.i.embedder.EclipseLogger - Copying 0 resource
2016-07-10 17:38:38,082 [Worker-20] INFO  o.e.m.c.i.embedder.EclipseLogger - Using 'UTF-8' encoding to copy filtered resources.
2016-07-10 17:38:38,082 [Worker-20] INFO  o.e.m.c.i.embedder.EclipseLogger - Copying 0 resource
2016-07-10 17:38:38,085 [Worker-20] INFO  o.e.m.c.i.embedder.EclipseLogger - Using 'UTF-8' encoding to copy filtered resources.
2016-07-10 17:38:38,086 [Worker-20] INFO  o.e.m.c.i.embedder.EclipseLogger - Copying 0 resource
2016-07-10 17:38:54,594 [Worker-3] INFO  o.e.m.c.i.embedder.EclipseLogger - Using 'UTF-8' encoding to copy filtered resources.
2016-07-10 17:38:54,595 [Worker-3] INFO  o.e.m.c.i.embedder.EclipseLogger - Copying 0 resource
2016-07-10 17:38:54,596 [Worker-3] INFO  o.e.m.c.i.embedder.EclipseLogger - Using 'UTF-8' encoding to copy filtered resources.
2016-07-10 17:38:54,596 [Worker-3] INFO  o.e.m.c.i.embedder.EclipseLogger - Copying 0 resource
2016-07-10 17:39:20,032 [Worker-14] INFO  o.e.m.c.i.embedder.EclipseLogger - Using 'UTF-8' encoding to copy filtered resources.
2016-07-10 17:39:20,033 [Worker-14] INFO  o.e.m.c.i.embedder.EclipseLogger - Copying 0 resource
2016-07-10 17:39:20,035 [Worker-14] INFO  o.e.m.c.i.embedder.EclipseLogger - Using 'UTF-8' encoding to copy filtered resources.
2016-07-10 17:39:20,035 [Worker-14] INFO  o.e.m.c.i.embedder.EclipseLogger - Copying 0 resource
2016-07-10 17:39:44,248 [Worker-20] INFO  o.e.m.c.i.embedder.EclipseLogger - Using 'UTF-8' encoding to copy filtered resources.
2016-07-10 17:39:44,249 [Worker-20] INFO  o.e.m.c.i.embedder.EclipseLogger - Copying 0 resource
2016-07-10 17:39:44,253 [Worker-20] INFO  o.e.m.c.i.embedder.EclipseLogger - Using 'UTF-8' encoding to copy filtered resources.
2016-07-10 17:39:44,253 [Worker-20] INFO  o.e.m.c.i.embedder.EclipseLogger - Copying 0 resource
2016-07-10 17:39:51,319 [Worker-19] INFO  o.e.m.c.i.embedder.EclipseLogger - Using 'UTF-8' encoding to copy filtered resources.
2016-07-10 17:39:51,320 [Worker-19] INFO  o.e.m.c.i.embedder.EclipseLogger - Copying 0 resource
2016-07-10 17:39:51,324 [Worker-19] INFO  o.e.m.c.i.embedder.EclipseLogger - Using 'UTF-8' encoding to copy filtered resources.
2016-07-10 17:39:51,325 [Worker-19] INFO  o.e.m.c.i.embedder.EclipseLogger - Copying 0 resource
2016-07-10 17:48:27,145 [Worker-23] INFO  o.e.m.c.i.embedder.EclipseLogger - Using 'UTF-8' encoding to copy filtered resources.
2016-07-10 17:48:27,147 [Worker-23] INFO  o.e.m.c.i.embedder.EclipseLogger - Copying 0 resource
2016-07-10 17:48:27,148 [Worker-23] INFO  o.e.m.c.i.embedder.EclipseLogger - Using 'UTF-8' encoding to copy filtered resources.
2016-07-10 17:48:27,149 [Worker-23] INFO  o.e.m.c.i.embedder.EclipseLogger - Copying 0 resource
2016-07-10 17:48:40,014 [Worker-23] INFO  o.e.m.c.i.embedder.EclipseLogger - Using 'UTF-8' encoding to copy filtered resources.
2016-07-10 17:48:40,015 [Worker-23] INFO  o.e.m.c.i.embedder.EclipseLogger - Copying 0 resource
2016-07-10 17:48:40,016 [Worker-23] INFO  o.e.m.c.i.embedder.EclipseLogger - Using 'UTF-8' encoding to copy filtered resources.
2016-07-10 17:48:40,016 [Worker-23] INFO  o.e.m.c.i.embedder.EclipseLogger - Copying 0 resource
2016-07-10 17:48:58,906 [Worker-27] INFO  o.e.m.c.i.embedder.EclipseLogger - Using 'UTF-8' encoding to copy filtered resources.
2016-07-10 17:48:58,907 [Worker-27] INFO  o.e.m.c.i.embedder.EclipseLogger - Copying 0 resource
2016-07-10 17:48:58,908 [Worker-27] INFO  o.e.m.c.i.embedder.EclipseLogger - Using 'UTF-8' encoding to copy filtered resources.
2016-07-10 17:48:58,908 [Worker-27] INFO  o.e.m.c.i.embedder.EclipseLogger - Copying 0 resource
2016-07-10 17:49:31,384 [Worker-23] INFO  o.e.m.c.i.embedder.EclipseLogger - Using 'UTF-8' encoding to copy filtered resources.
2016-07-10 17:49:31,384 [Worker-23] INFO  o.e.m.c.i.embedder.EclipseLogger - Copying 0 resource
2016-07-10 17:49:31,386 [Worker-23] INFO  o.e.m.c.i.embedder.EclipseLogger - Using 'UTF-8' encoding to copy filtered resources.
2016-07-10 17:49:31,386 [Worker-23] INFO  o.e.m.c.i.embedder.EclipseLogger - Copying 0 resource
2016-07-10 17:49:59,876 [Worker-25] INFO  o.e.m.c.i.embedder.EclipseLogger - Using 'UTF-8' encoding to copy filtered resources.
2016-07-10 17:49:59,877 [Worker-25] INFO  o.e.m.c.i.embedder.EclipseLogger - Copying 0 resource
2016-07-10 17:49:59,879 [Worker-25] INFO  o.e.m.c.i.embedder.EclipseLogger - Using 'UTF-8' encoding to copy filtered resources.
2016-07-10 17:49:59,879 [Worker-25] INFO  o.e.m.c.i.embedder.EclipseLogger - Copying 0 resource
2016-07-10 17:50:31,332 [Worker-23] INFO  o.e.m.c.i.embedder.EclipseLogger - Using 'UTF-8' encoding to copy filtered resources.
2016-07-10 17:50:31,333 [Worker-23] INFO  o.e.m.c.i.embedder.EclipseLogger - Copying 0 resource
2016-07-10 17:50:31,334 [Worker-23] INFO  o.e.m.c.i.embedder.EclipseLogger - Using 'UTF-8' encoding to copy filtered resources.
2016-07-10 17:50:31,335 [Worker-23] INFO  o.e.m.c.i.embedder.EclipseLogger - Copying 0 resource
2016-07-10 17:50:36,944 [Worker-27] INFO  o.e.m.c.i.embedder.EclipseLogger - Using 'UTF-8' encoding to copy filtered resources.
2016-07-10 17:50:36,945 [Worker-27] INFO  o.e.m.c.i.embedder.EclipseLogger - Copying 0 resource
2016-07-10 17:50:36,946 [Worker-27] INFO  o.e.m.c.i.embedder.EclipseLogger - Using 'UTF-8' encoding to copy filtered resources.
2016-07-10 17:50:36,946 [Worker-27] INFO  o.e.m.c.i.embedder.EclipseLogger - Copying 0 resource
2016-07-10 17:50:51,902 [Worker-26] INFO  o.e.m.c.i.embedder.EclipseLogger - Using 'UTF-8' encoding to copy filtered resources.
2016-07-10 17:50:51,903 [Worker-26] INFO  o.e.m.c.i.embedder.EclipseLogger - Copying 0 resource
2016-07-10 17:50:51,904 [Worker-26] INFO  o.e.m.c.i.embedder.EclipseLogger - Using 'UTF-8' encoding to copy filtered resources.
2016-07-10 17:50:51,905 [Worker-26] INFO  o.e.m.c.i.embedder.EclipseLogger - Copying 0 resource
2016-07-10 17:51:09,780 [Worker-21] INFO  o.e.m.c.i.embedder.EclipseLogger - Using 'UTF-8' encoding to copy filtered resources.
2016-07-10 17:51:09,781 [Worker-21] INFO  o.e.m.c.i.embedder.EclipseLogger - Copying 0 resource
2016-07-10 17:51:09,782 [Worker-21] INFO  o.e.m.c.i.embedder.EclipseLogger - Using 'UTF-8' encoding to copy filtered resources.
2016-07-10 17:51:09,783 [Worker-21] INFO  o.e.m.c.i.embedder.EclipseLogger - Copying 0 resource
2016-07-10 17:51:54,603 [Worker-28] INFO  o.e.m.c.i.embedder.EclipseLogger - Using 'UTF-8' encoding to copy filtered resources.
2016-07-10 17:51:54,604 [Worker-28] INFO  o.e.m.c.i.embedder.EclipseLogger - Copying 0 resource
2016-07-10 17:51:54,605 [Worker-28] INFO  o.e.m.c.i.embedder.EclipseLogger - Using 'UTF-8' encoding to copy filtered resources.
2016-07-10 17:51:54,605 [Worker-28] INFO  o.e.m.c.i.embedder.EclipseLogger - Copying 0 resource
2016-07-10 17:51:56,960 [Worker-28] INFO  o.e.m.c.i.embedder.EclipseLogger - Using 'UTF-8' encoding to copy filtered resources.
2016-07-10 17:51:56,961 [Worker-28] INFO  o.e.m.c.i.embedder.EclipseLogger - Copying 0 resource
2016-07-10 17:51:56,962 [Worker-28] INFO  o.e.m.c.i.embedder.EclipseLogger - Using 'UTF-8' encoding to copy filtered resources.
2016-07-10 17:51:56,963 [Worker-28] INFO  o.e.m.c.i.embedder.EclipseLogger - Copying 0 resource
2016-07-10 17:54:04,887 [Worker-28] INFO  o.e.m.c.i.embedder.EclipseLogger - Using 'UTF-8' encoding to copy filtered resources.
2016-07-10 17:54:04,888 [Worker-28] INFO  o.e.m.c.i.embedder.EclipseLogger - Copying 0 resource
2016-07-10 17:54:04,890 [Worker-28] INFO  o.e.m.c.i.embedder.EclipseLogger - Using 'UTF-8' encoding to copy filtered resources.
2016-07-10 17:54:04,890 [Worker-28] INFO  o.e.m.c.i.embedder.EclipseLogger - Copying 0 resource
2016-07-10 17:54:12,618 [Worker-28] INFO  o.e.m.c.i.embedder.EclipseLogger - Using 'UTF-8' encoding to copy filtered resources.
2016-07-10 17:54:12,619 [Worker-28] INFO  o.e.m.c.i.embedder.EclipseLogger - Copying 0 resource
2016-07-10 17:54:12,620 [Worker-28] INFO  o.e.m.c.i.embedder.EclipseLogger - Using 'UTF-8' encoding to copy filtered resources.
2016-07-10 17:54:12,621 [Worker-28] INFO  o.e.m.c.i.embedder.EclipseLogger - Copying 0 resource
2016-07-10 19:28:55,043 [Worker-42] INFO  o.e.m.c.i.embedder.EclipseLogger - Using 'UTF-8' encoding to copy filtered resources.
2016-07-10 19:28:55,044 [Worker-42] INFO  o.e.m.c.i.embedder.EclipseLogger - Copying 0 resource
2016-07-10 19:28:55,045 [Worker-42] INFO  o.e.m.c.i.embedder.EclipseLogger - Using 'UTF-8' encoding to copy filtered resources.
2016-07-10 19:28:55,046 [Worker-42] INFO  o.e.m.c.i.embedder.EclipseLogger - Copying 0 resource
2016-07-10 19:29:34,504 [Worker-42] INFO  o.e.m.c.i.embedder.EclipseLogger - Using 'UTF-8' encoding to copy filtered resources.
2016-07-10 19:29:34,505 [Worker-42] INFO  o.e.m.c.i.embedder.EclipseLogger - Copying 0 resource
2016-07-10 19:29:34,507 [Worker-42] INFO  o.e.m.c.i.embedder.EclipseLogger - Using 'UTF-8' encoding to copy filtered resources.
2016-07-10 19:29:34,508 [Worker-42] INFO  o.e.m.c.i.embedder.EclipseLogger - Copying 0 resource
2016-07-10 19:29:38,791 [Worker-41] INFO  o.e.m.c.i.embedder.EclipseLogger - Using 'UTF-8' encoding to copy filtered resources.
2016-07-10 19:29:38,791 [Worker-41] INFO  o.e.m.c.i.embedder.EclipseLogger - Copying 0 resource
2016-07-10 19:29:38,792 [Worker-41] INFO  o.e.m.c.i.embedder.EclipseLogger - Using 'UTF-8' encoding to copy filtered resources.
2016-07-10 19:29:38,793 [Worker-41] INFO  o.e.m.c.i.embedder.EclipseLogger - Copying 0 resource
2016-07-10 19:29:46,706 [Worker-40] INFO  o.e.m.c.i.embedder.EclipseLogger - Using 'UTF-8' encoding to copy filtered resources.
2016-07-10 19:29:46,707 [Worker-40] INFO  o.e.m.c.i.embedder.EclipseLogger - Copying 0 resource
2016-07-10 19:29:46,710 [Worker-40] INFO  o.e.m.c.i.embedder.EclipseLogger - Using 'UTF-8' encoding to copy filtered resources.
2016-07-10 19:29:46,710 [Worker-40] INFO  o.e.m.c.i.embedder.EclipseLogger - Copying 0 resource
2016-07-10 19:38:16,132 [Worker-41] INFO  o.e.m.c.i.embedder.EclipseLogger - Using 'UTF-8' encoding to copy filtered resources.
2016-07-10 19:38:16,133 [Worker-41] INFO  o.e.m.c.i.embedder.EclipseLogger - Copying 0 resource
2016-07-10 19:38:16,134 [Worker-41] INFO  o.e.m.c.i.embedder.EclipseLogger - Using 'UTF-8' encoding to copy filtered resources.
2016-07-10 19:38:16,135 [Worker-41] INFO  o.e.m.c.i.embedder.EclipseLogger - Copying 0 resource
2016-07-10 19:40:54,067 [Worker-54] INFO  o.e.m.c.i.embedder.EclipseLogger - Using 'UTF-8' encoding to copy filtered resources.
2016-07-10 19:40:54,068 [Worker-54] INFO  o.e.m.c.i.embedder.EclipseLogger - Copying 0 resource
2016-07-10 19:40:54,070 [Worker-54] INFO  o.e.m.c.i.embedder.EclipseLogger - Using 'UTF-8' encoding to copy filtered resources.
2016-07-10 19:40:54,070 [Worker-54] INFO  o.e.m.c.i.embedder.EclipseLogger - Copying 0 resource
2016-07-10 19:41:24,731 [Worker-49] INFO  o.e.m.c.i.embedder.EclipseLogger - Using 'UTF-8' encoding to copy filtered resources.
2016-07-10 19:41:24,732 [Worker-49] INFO  o.e.m.c.i.embedder.EclipseLogger - Copying 0 resource
2016-07-10 19:41:24,733 [Worker-49] INFO  o.e.m.c.i.embedder.EclipseLogger - Using 'UTF-8' encoding to copy filtered resources.
2016-07-10 19:41:24,733 [Worker-49] INFO  o.e.m.c.i.embedder.EclipseLogger - Copying 0 resource
2016-07-10 19:41:45,819 [Worker-49] INFO  o.e.m.c.i.embedder.EclipseLogger - Using 'UTF-8' encoding to copy filtered resources.
2016-07-10 19:41:45,820 [Worker-49] INFO  o.e.m.c.i.embedder.EclipseLogger - Copying 0 resource
2016-07-10 19:41:45,823 [Worker-49] INFO  o.e.m.c.i.embedder.EclipseLogger - Using 'UTF-8' encoding to copy filtered resources.
2016-07-10 19:41:45,823 [Worker-49] INFO  o.e.m.c.i.embedder.EclipseLogger - Copying 0 resource
2016-07-10 19:43:05,064 [Worker-52] INFO  o.e.m.c.i.embedder.EclipseLogger - Using 'UTF-8' encoding to copy filtered resources.
2016-07-10 19:43:05,065 [Worker-52] INFO  o.e.m.c.i.embedder.EclipseLogger - Copying 0 resource
2016-07-10 19:43:05,066 [Worker-52] INFO  o.e.m.c.i.embedder.EclipseLogger - Using 'UTF-8' encoding to copy filtered resources.
2016-07-10 19:43:05,067 [Worker-52] INFO  o.e.m.c.i.embedder.EclipseLogger - Copying 0 resource
2016-07-10 19:43:17,195 [Worker-49] INFO  o.e.m.c.i.embedder.EclipseLogger - Using 'UTF-8' encoding to copy filtered resources.
2016-07-10 19:43:17,196 [Worker-49] INFO  o.e.m.c.i.embedder.EclipseLogger - Copying 0 resource
2016-07-10 19:43:17,197 [Worker-49] INFO  o.e.m.c.i.embedder.EclipseLogger - Using 'UTF-8' encoding to copy filtered resources.
2016-07-10 19:43:17,197 [Worker-49] INFO  o.e.m.c.i.embedder.EclipseLogger - Copying 0 resource
2016-07-10 19:43:32,627 [Worker-48] INFO  o.e.m.c.i.embedder.EclipseLogger - Using 'UTF-8' encoding to copy filtered resources.
2016-07-10 19:43:32,628 [Worker-48] INFO  o.e.m.c.i.embedder.EclipseLogger - Copying 0 resource
2016-07-10 19:43:32,630 [Worker-48] INFO  o.e.m.c.i.embedder.EclipseLogger - Using 'UTF-8' encoding to copy filtered resources.
2016-07-10 19:43:32,631 [Worker-48] INFO  o.e.m.c.i.embedder.EclipseLogger - Copying 0 resource
2016-07-10 19:43:56,484 [Worker-54] INFO  o.e.m.c.i.embedder.EclipseLogger - Using 'UTF-8' encoding to copy filtered resources.
2016-07-10 19:43:56,485 [Worker-54] INFO  o.e.m.c.i.embedder.EclipseLogger - Copying 0 resource
2016-07-10 19:43:56,486 [Worker-54] INFO  o.e.m.c.i.embedder.EclipseLogger - Using 'UTF-8' encoding to copy filtered resources.
2016-07-10 19:43:56,487 [Worker-54] INFO  o.e.m.c.i.embedder.EclipseLogger - Copying 0 resource
2016-07-10 19:44:19,241 [Worker-47] INFO  o.e.m.c.i.embedder.EclipseLogger - Using 'UTF-8' encoding to copy filtered resources.
2016-07-10 19:44:19,242 [Worker-47] INFO  o.e.m.c.i.embedder.EclipseLogger - Copying 0 resource
2016-07-10 19:44:19,243 [Worker-47] INFO  o.e.m.c.i.embedder.EclipseLogger - Using 'UTF-8' encoding to copy filtered resources.
2016-07-10 19:44:19,243 [Worker-47] INFO  o.e.m.c.i.embedder.EclipseLogger - Copying 0 resource
2016-07-10 19:44:36,922 [Worker-48] INFO  o.e.m.c.i.embedder.EclipseLogger - Using 'UTF-8' encoding to copy filtered resources.
2016-07-10 19:44:36,923 [Worker-48] INFO  o.e.m.c.i.embedder.EclipseLogger - Copying 0 resource
2016-07-10 19:44:36,924 [Worker-48] INFO  o.e.m.c.i.embedder.EclipseLogger - Using 'UTF-8' encoding to copy filtered resources.
2016-07-10 19:44:36,924 [Worker-48] INFO  o.e.m.c.i.embedder.EclipseLogger - Copying 0 resource
2016-07-10 19:44:47,075 [Worker-48] INFO  o.e.m.c.i.embedder.EclipseLogger - Using 'UTF-8' encoding to copy filtered resources.
2016-07-10 19:44:47,076 [Worker-48] INFO  o.e.m.c.i.embedder.EclipseLogger - Copying 0 resource
2016-07-10 19:44:47,079 [Worker-48] INFO  o.e.m.c.i.embedder.EclipseLogger - Using 'UTF-8' encoding to copy filtered resources.
2016-07-10 19:44:47,079 [Worker-48] INFO  o.e.m.c.i.embedder.EclipseLogger - Copying 0 resource
2016-07-10 19:45:41,988 [Worker-53] INFO  o.e.m.c.i.embedder.EclipseLogger - Using 'UTF-8' encoding to copy filtered resources.
2016-07-10 19:45:41,989 [Worker-53] INFO  o.e.m.c.i.embedder.EclipseLogger - Copying 0 resource
2016-07-10 19:45:41,992 [Worker-53] INFO  o.e.m.c.i.embedder.EclipseLogger - Using 'UTF-8' encoding to copy filtered resources.
2016-07-10 19:45:41,992 [Worker-53] INFO  o.e.m.c.i.embedder.EclipseLogger - Copying 0 resource
2016-07-10 19:45:59,277 [Worker-48] INFO  o.e.m.c.i.embedder.EclipseLogger - Using 'UTF-8' encoding to copy filtered resources.
2016-07-10 19:45:59,277 [Worker-48] INFO  o.e.m.c.i.embedder.EclipseLogger - Copying 0 resource
2016-07-10 19:45:59,279 [Worker-48] INFO  o.e.m.c.i.embedder.EclipseLogger - Using 'UTF-8' encoding to copy filtered resources.
2016-07-10 19:45:59,279 [Worker-48] INFO  o.e.m.c.i.embedder.EclipseLogger - Copying 0 resource
2016-07-10 19:46:06,384 [Worker-48] INFO  o.e.m.c.i.embedder.EclipseLogger - Using 'UTF-8' encoding to copy filtered resources.
2016-07-10 19:46:06,384 [Worker-48] INFO  o.e.m.c.i.embedder.EclipseLogger - Copying 0 resource
2016-07-10 19:46:06,386 [Worker-48] INFO  o.e.m.c.i.embedder.EclipseLogger - Using 'UTF-8' encoding to copy filtered resources.
2016-07-10 19:46:06,386 [Worker-48] INFO  o.e.m.c.i.embedder.EclipseLogger - Copying 0 resource
2016-07-10 19:48:06,736 [Worker-51] INFO  o.e.m.c.i.embedder.EclipseLogger - Using 'UTF-8' encoding to copy filtered resources.
2016-07-10 19:48:06,736 [Worker-51] INFO  o.e.m.c.i.embedder.EclipseLogger - Copying 0 resource
2016-07-10 19:48:06,737 [Worker-51] INFO  o.e.m.c.i.embedder.EclipseLogger - Using 'UTF-8' encoding to copy filtered resources.
2016-07-10 19:48:06,738 [Worker-51] INFO  o.e.m.c.i.embedder.EclipseLogger - Copying 0 resource
2016-07-10 19:49:34,162 [Worker-48] INFO  o.e.m.c.i.embedder.EclipseLogger - Using 'UTF-8' encoding to copy filtered resources.
2016-07-10 19:49:34,163 [Worker-48] INFO  o.e.m.c.i.embedder.EclipseLogger - Copying 0 resource
2016-07-10 19:49:34,164 [Worker-48] INFO  o.e.m.c.i.embedder.EclipseLogger - Using 'UTF-8' encoding to copy filtered resources.
2016-07-10 19:49:34,164 [Worker-48] INFO  o.e.m.c.i.embedder.EclipseLogger - Copying 0 resource
2016-07-10 19:49:46,719 [Worker-55] INFO  o.e.m.c.i.embedder.EclipseLogger - Using 'UTF-8' encoding to copy filtered resources.
2016-07-10 19:49:46,720 [Worker-55] INFO  o.e.m.c.i.embedder.EclipseLogger - Copying 0 resource
2016-07-10 19:49:46,721 [Worker-55] INFO  o.e.m.c.i.embedder.EclipseLogger - Using 'UTF-8' encoding to copy filtered resources.
2016-07-10 19:49:46,721 [Worker-55] INFO  o.e.m.c.i.embedder.EclipseLogger - Copying 0 resource
2016-07-10 19:51:03,732 [Worker-55] INFO  o.e.m.c.i.embedder.EclipseLogger - Using 'UTF-8' encoding to copy filtered resources.
2016-07-10 19:51:03,733 [Worker-55] INFO  o.e.m.c.i.embedder.EclipseLogger - Copying 0 resource
2016-07-10 19:51:03,734 [Worker-55] INFO  o.e.m.c.i.embedder.EclipseLogger - Using 'UTF-8' encoding to copy filtered resources.
2016-07-10 19:51:03,735 [Worker-55] INFO  o.e.m.c.i.embedder.EclipseLogger - Copying 0 resource
2016-07-10 19:51:10,804 [Worker-57] INFO  o.e.m.c.i.embedder.EclipseLogger - Using 'UTF-8' encoding to copy filtered resources.
2016-07-10 19:51:10,805 [Worker-57] INFO  o.e.m.c.i.embedder.EclipseLogger - Copying 0 resource
2016-07-10 19:51:10,806 [Worker-57] INFO  o.e.m.c.i.embedder.EclipseLogger - Using 'UTF-8' encoding to copy filtered resources.
2016-07-10 19:51:10,806 [Worker-57] INFO  o.e.m.c.i.embedder.EclipseLogger - Copying 0 resource
2016-07-10 19:51:30,635 [Worker-53] INFO  o.e.m.c.i.embedder.EclipseLogger - Using 'UTF-8' encoding to copy filtered resources.
2016-07-10 19:51:30,636 [Worker-53] INFO  o.e.m.c.i.embedder.EclipseLogger - Copying 0 resource
2016-07-10 19:51:30,638 [Worker-53] INFO  o.e.m.c.i.embedder.EclipseLogger - Using 'UTF-8' encoding to copy filtered resources.
2016-07-10 19:51:30,638 [Worker-53] INFO  o.e.m.c.i.embedder.EclipseLogger - Copying 0 resource
2016-07-10 19:51:33,589 [Worker-57] INFO  o.e.m.c.i.embedder.EclipseLogger - Using 'UTF-8' encoding to copy filtered resources.
2016-07-10 19:51:33,590 [Worker-57] INFO  o.e.m.c.i.embedder.EclipseLogger - Copying 0 resource
2016-07-10 19:51:33,591 [Worker-57] INFO  o.e.m.c.i.embedder.EclipseLogger - Using 'UTF-8' encoding to copy filtered resources.
2016-07-10 19:51:33,591 [Worker-57] INFO  o.e.m.c.i.embedder.EclipseLogger - Copying 0 resource
2016-07-10 19:53:44,245 [Worker-53] INFO  o.e.m.c.i.embedder.EclipseLogger - Using 'UTF-8' encoding to copy filtered resources.
2016-07-10 19:53:44,247 [Worker-53] INFO  o.e.m.c.i.embedder.EclipseLogger - Copying 0 resource
2016-07-10 19:53:44,249 [Worker-53] INFO  o.e.m.c.i.embedder.EclipseLogger - Using 'UTF-8' encoding to copy filtered resources.
2016-07-10 19:53:44,250 [Worker-53] INFO  o.e.m.c.i.embedder.EclipseLogger - Copying 0 resource
2016-07-10 19:53:47,401 [Worker-57] INFO  o.e.m.c.i.embedder.EclipseLogger - Using 'UTF-8' encoding to copy filtered resources.
2016-07-10 19:53:47,401 [Worker-57] INFO  o.e.m.c.i.embedder.EclipseLogger - Copying 0 resource
2016-07-10 19:53:47,402 [Worker-57] INFO  o.e.m.c.i.embedder.EclipseLogger - Using 'UTF-8' encoding to copy filtered resources.
2016-07-10 19:53:47,403 [Worker-57] INFO  o.e.m.c.i.embedder.EclipseLogger - Copying 0 resource
2016-07-10 19:53:59,609 [Worker-48] INFO  o.e.m.c.i.embedder.EclipseLogger - Using 'UTF-8' encoding to copy filtered resources.
2016-07-10 19:53:59,609 [Worker-48] INFO  o.e.m.c.i.embedder.EclipseLogger - Copying 0 resource
2016-07-10 19:53:59,611 [Worker-48] INFO  o.e.m.c.i.embedder.EclipseLogger - Using 'UTF-8' encoding to copy filtered resources.
2016-07-10 19:53:59,612 [Worker-48] INFO  o.e.m.c.i.embedder.EclipseLogger - Copying 0 resource
2016-07-10 19:58:42,523 [Worker-48] INFO  o.e.m.c.i.embedder.EclipseLogger - Using 'UTF-8' encoding to copy filtered resources.
2016-07-10 19:58:42,524 [Worker-48] INFO  o.e.m.c.i.embedder.EclipseLogger - Copying 0 resource
2016-07-10 19:58:42,526 [Worker-48] INFO  o.e.m.c.i.embedder.EclipseLogger - Using 'UTF-8' encoding to copy filtered resources.
2016-07-10 19:58:42,527 [Worker-48] INFO  o.e.m.c.i.embedder.EclipseLogger - Copying 0 resource
2016-07-10 19:58:54,282 [Worker-59] INFO  o.e.m.c.i.embedder.EclipseLogger - Using 'UTF-8' encoding to copy filtered resources.
2016-07-10 19:58:54,283 [Worker-59] INFO  o.e.m.c.i.embedder.EclipseLogger - Copying 0 resource
2016-07-10 19:58:54,284 [Worker-59] INFO  o.e.m.c.i.embedder.EclipseLogger - Using 'UTF-8' encoding to copy filtered resources.
2016-07-10 19:58:54,284 [Worker-59] INFO  o.e.m.c.i.embedder.EclipseLogger - Copying 0 resource
2016-07-10 19:59:01,016 [Worker-60] INFO  o.e.m.c.i.embedder.EclipseLogger - Using 'UTF-8' encoding to copy filtered resources.
2016-07-10 19:59:01,017 [Worker-60] INFO  o.e.m.c.i.embedder.EclipseLogger - Copying 0 resource
2016-07-10 19:59:01,018 [Worker-60] INFO  o.e.m.c.i.embedder.EclipseLogger - Using 'UTF-8' encoding to copy filtered resources.
2016-07-10 19:59:01,019 [Worker-60] INFO  o.e.m.c.i.embedder.EclipseLogger - Copying 0 resource
2016-07-10 20:00:00,340 [Worker-59] INFO  o.e.m.c.i.embedder.EclipseLogger - Using 'UTF-8' encoding to copy filtered resources.
2016-07-10 20:00:00,341 [Worker-59] INFO  o.e.m.c.i.embedder.EclipseLogger - Copying 0 resource
2016-07-10 20:00:00,342 [Worker-59] INFO  o.e.m.c.i.embedder.EclipseLogger - Using 'UTF-8' encoding to copy filtered resources.
2016-07-10 20:00:00,343 [Worker-59] INFO  o.e.m.c.i.embedder.EclipseLogger - Copying 0 resource
2016-07-10 20:00:42,927 [Worker-60] INFO  o.e.m.c.i.embedder.EclipseLogger - Using 'UTF-8' encoding to copy filtered resources.
2016-07-10 20:00:42,928 [Worker-60] INFO  o.e.m.c.i.embedder.EclipseLogger - Copying 0 resource
2016-07-10 20:00:42,930 [Worker-60] INFO  o.e.m.c.i.embedder.EclipseLogger - Using 'UTF-8' encoding to copy filtered resources.
2016-07-10 20:00:42,930 [Worker-60] INFO  o.e.m.c.i.embedder.EclipseLogger - Copying 0 resource
2016-07-10 20:00:58,546 [Worker-61] INFO  o.e.m.c.i.embedder.EclipseLogger - Using 'UTF-8' encoding to copy filtered resources.
2016-07-10 20:00:58,548 [Worker-61] INFO  o.e.m.c.i.embedder.EclipseLogger - Copying 0 resource
2016-07-10 20:00:58,549 [Worker-61] INFO  o.e.m.c.i.embedder.EclipseLogger - Using 'UTF-8' encoding to copy filtered resources.
2016-07-10 20:00:58,550 [Worker-61] INFO  o.e.m.c.i.embedder.EclipseLogger - Copying 0 resource
2016-07-10 20:02:41,607 [Worker-61] INFO  o.e.m.c.i.embedder.EclipseLogger - Using 'UTF-8' encoding to copy filtered resources.
2016-07-10 20:02:41,608 [Worker-61] INFO  o.e.m.c.i.embedder.EclipseLogger - Copying 0 resource
2016-07-10 20:02:41,609 [Worker-61] INFO  o.e.m.c.i.embedder.EclipseLogger - Using 'UTF-8' encoding to copy filtered resources.
2016-07-10 20:02:41,609 [Worker-61] INFO  o.e.m.c.i.embedder.EclipseLogger - Copying 0 resource
2016-07-10 20:02:45,012 [Worker-62] INFO  o.e.m.c.i.embedder.EclipseLogger - Using 'UTF-8' encoding to copy filtered resources.
2016-07-10 20:02:45,013 [Worker-62] INFO  o.e.m.c.i.embedder.EclipseLogger - Copying 0 resource
2016-07-10 20:02:45,014 [Worker-62] INFO  o.e.m.c.i.embedder.EclipseLogger - Using 'UTF-8' encoding to copy filtered resources.
2016-07-10 20:02:45,015 [Worker-62] INFO  o.e.m.c.i.embedder.EclipseLogger - Copying 0 resource
2016-07-10 20:14:38,148 [Worker-63] INFO  o.e.m.c.i.l.LifecycleMappingFactory - Using NULL lifecycle mapping for MavenProject: com.webvue.ecom:ecom-parent:0.0.1-SNAPSHOT @ C:\work\startup\ecom_iteration4\ecom-parent\pom.xml.
2016-07-10 20:14:40,797 [Worker-63] INFO  o.e.m.c.i.l.LifecycleMappingFactory - Using org.eclipse.m2e.jdt.JarLifecycleMapping lifecycle mapping for MavenProject: com.webvue.ecom:ecom-core:0.0.1-SNAPSHOT @ C:\work\startup\ecom_iteration4\ecom-core\pom.xml.
2016-07-10 20:14:44,961 [Worker-66] INFO  o.e.m.c.i.embedder.EclipseLogger - Using 'UTF-8' encoding to copy filtered resources.
2016-07-10 20:14:44,969 [Worker-66] INFO  o.e.m.c.i.embedder.EclipseLogger - Copying 0 resource
2016-07-10 20:14:44,971 [Worker-66] INFO  o.e.m.c.i.embedder.EclipseLogger - Using 'UTF-8' encoding to copy filtered resources.
2016-07-10 20:14:44,972 [Worker-66] INFO  o.e.m.c.i.embedder.EclipseLogger - Copying 0 resource
2016-07-10 20:14:47,261 [Worker-66] INFO  o.e.m.c.i.l.LifecycleMappingFactory - Using NULL lifecycle mapping for MavenProject: com.webvue.ecom:ecom-parent:0.0.1-SNAPSHOT @ C:\work\startup\ecom_iteration4\ecom-parent\pom.xml.
2016-07-10 20:14:48,290 [Worker-66] INFO  o.e.m.c.i.l.LifecycleMappingFactory - Using org.eclipse.m2e.jdt.JarLifecycleMapping lifecycle mapping for MavenProject: com.webvue.ecom:ecom-core:0.0.1-SNAPSHOT @ C:\work\startup\ecom_iteration4\ecom-core\pom.xml.
2016-07-10 20:14:54,017 [Worker-65] INFO  o.e.m.c.i.embedder.EclipseLogger - Using 'UTF-8' encoding to copy filtered resources.
2016-07-10 20:14:54,024 [Worker-65] INFO  o.e.m.c.i.embedder.EclipseLogger - Copying 0 resource
2016-07-10 20:14:54,027 [Worker-65] INFO  o.e.m.c.i.embedder.EclipseLogger - Using 'UTF-8' encoding to copy filtered resources.
2016-07-10 20:14:54,028 [Worker-65] INFO  o.e.m.c.i.embedder.EclipseLogger - Copying 0 resource
2016-07-10 20:16:16,911 [Worker-55] INFO  o.e.m.c.i.l.LifecycleMappingFactory - Using NULL lifecycle mapping for MavenProject: com.webvue.ecom:ecom-parent:0.0.1-SNAPSHOT @ C:\work\startup\ecom_iteration4\ecom-parent\pom.xml.
2016-07-10 20:16:20,894 [Worker-55] INFO  o.e.m.c.i.l.LifecycleMappingFactory - Using org.eclipse.m2e.jdt.JarLifecycleMapping lifecycle mapping for MavenProject: com.webvue.ecom:ecom-core:0.0.1-SNAPSHOT @ C:\work\startup\ecom_iteration4\ecom-core\pom.xml.
2016-07-10 20:16:26,372 [Worker-55] INFO  o.e.m.c.i.embedder.EclipseLogger - Using 'UTF-8' encoding to copy filtered resources.
2016-07-10 20:16:26,379 [Worker-55] INFO  o.e.m.c.i.embedder.EclipseLogger - Copying 0 resource
2016-07-10 20:16:26,381 [Worker-55] INFO  o.e.m.c.i.embedder.EclipseLogger - Using 'UTF-8' encoding to copy filtered resources.
2016-07-10 20:16:26,382 [Worker-55] INFO  o.e.m.c.i.embedder.EclipseLogger - Copying 0 resource
2016-07-10 20:16:26,413 [Worker-55] INFO  o.e.m.c.i.l.LifecycleMappingFactory - Using NULL lifecycle mapping for MavenProject: com.webvue.ecom:ecom-parent:0.0.1-SNAPSHOT @ C:\work\startup\ecom_iteration4\ecom-parent\pom.xml.
2016-07-10 20:16:27,431 [Worker-55] INFO  o.e.m.c.i.l.LifecycleMappingFactory - Using org.eclipse.m2e.jdt.JarLifecycleMapping lifecycle mapping for MavenProject: com.webvue.ecom:ecom-core:0.0.1-SNAPSHOT @ C:\work\startup\ecom_iteration4\ecom-core\pom.xml.
2016-07-10 20:16:39,075 [Worker-67] INFO  o.e.m.c.i.embedder.EclipseLogger - Using 'UTF-8' encoding to copy filtered resources.
2016-07-10 20:16:39,081 [Worker-67] INFO  o.e.m.c.i.embedder.EclipseLogger - Copying 0 resource
2016-07-10 20:16:39,083 [Worker-67] INFO  o.e.m.c.i.embedder.EclipseLogger - Using 'UTF-8' encoding to copy filtered resources.
2016-07-10 20:16:39,084 [Worker-67] INFO  o.e.m.c.i.embedder.EclipseLogger - Copying 0 resource
2016-07-10 20:16:39,111 [Worker-67] INFO  o.e.m.c.i.l.LifecycleMappingFactory - Using NULL lifecycle mapping for MavenProject: com.webvue.ecom:ecom-parent:0.0.1-SNAPSHOT @ C:\work\startup\ecom_iteration4\ecom-parent\pom.xml.
2016-07-10 20:16:40,156 [Worker-67] INFO  o.e.m.c.i.l.LifecycleMappingFactory - Using org.eclipse.m2e.jdt.JarLifecycleMapping lifecycle mapping for MavenProject: com.webvue.ecom:ecom-core:0.0.1-SNAPSHOT @ C:\work\startup\ecom_iteration4\ecom-core\pom.xml.
2016-07-10 20:16:44,218 [Worker-55] INFO  o.e.m.c.i.embedder.EclipseLogger - Using 'UTF-8' encoding to copy filtered resources.
2016-07-10 20:16:44,227 [Worker-55] INFO  o.e.m.c.i.embedder.EclipseLogger - Copying 0 resource
2016-07-10 20:16:44,230 [Worker-55] INFO  o.e.m.c.i.embedder.EclipseLogger - Using 'UTF-8' encoding to copy filtered resources.
2016-07-10 20:16:44,231 [Worker-55] INFO  o.e.m.c.i.embedder.EclipseLogger - Copying 0 resource
2016-07-10 20:17:04,639 [Worker-66] INFO  o.e.m.c.i.l.LifecycleMappingFactory - Using org.eclipse.m2e.jdt.JarLifecycleMapping lifecycle mapping for MavenProject: com.webvue.ecom:ecom-core:0.0.1-SNAPSHOT @ C:\work\startup\ecom_iteration4\ecom-core\pom.xml.
2016-07-10 20:17:10,360 [Worker-66] INFO  o.e.m.c.i.embedder.EclipseLogger - Using 'UTF-8' encoding to copy filtered resources.
2016-07-10 20:17:10,369 [Worker-66] INFO  o.e.m.c.i.embedder.EclipseLogger - Copying 0 resource
2016-07-10 20:17:10,371 [Worker-66] INFO  o.e.m.c.i.embedder.EclipseLogger - Using 'UTF-8' encoding to copy filtered resources.
2016-07-10 20:17:10,372 [Worker-66] INFO  o.e.m.c.i.embedder.EclipseLogger - Copying 0 resource
2016-07-10 20:17:14,750 [Worker-66] INFO  o.e.m.c.i.l.LifecycleMappingFactory - Using org.eclipse.m2e.jdt.JarLifecycleMapping lifecycle mapping for MavenProject: com.webvue.ecom:ecom-core:0.0.1-SNAPSHOT @ C:\work\startup\ecom_iteration4\ecom-core\pom.xml.
2016-07-10 20:17:16,693 [Worker-66] INFO  o.e.m.c.i.embedder.EclipseLogger - Using 'UTF-8' encoding to copy filtered resources.
2016-07-10 20:17:16,706 [Worker-66] INFO  o.e.m.c.i.embedder.EclipseLogger - Copying 0 resource
2016-07-10 20:17:16,709 [Worker-66] INFO  o.e.m.c.i.embedder.EclipseLogger - Using 'UTF-8' encoding to copy filtered resources.
2016-07-10 20:17:16,710 [Worker-66] INFO  o.e.m.c.i.embedder.EclipseLogger - Copying 0 resource
2016-07-10 20:18:52,075 [Worker-67] INFO  o.e.m.c.i.l.LifecycleMappingFactory - Using NULL lifecycle mapping for MavenProject: com.webvue.ecom:ecom-parent:0.0.1-SNAPSHOT @ C:\work\startup\ecom_iteration4\ecom-parent\pom.xml.
2016-07-10 20:18:52,914 [Worker-67] INFO  o.e.m.c.i.l.LifecycleMappingFactory - Using org.eclipse.m2e.jdt.JarLifecycleMapping lifecycle mapping for MavenProject: com.webvue.ecom:ecom-core:0.0.1-SNAPSHOT @ C:\work\startup\ecom_iteration4\ecom-core\pom.xml.
2016-07-10 20:18:57,134 [Worker-70] INFO  o.e.m.c.i.embedder.EclipseLogger - Using 'UTF-8' encoding to copy filtered resources.
2016-07-10 20:18:57,139 [Worker-70] INFO  o.e.m.c.i.embedder.EclipseLogger - Copying 0 resource
2016-07-10 20:18:57,141 [Worker-70] INFO  o.e.m.c.i.embedder.EclipseLogger - Using 'UTF-8' encoding to copy filtered resources.
2016-07-10 20:18:57,142 [Worker-70] INFO  o.e.m.c.i.embedder.EclipseLogger - Copying 0 resource
2016-07-10 20:19:34,437 [Worker-65] INFO  o.e.m.c.i.l.LifecycleMappingFactory - Using NULL lifecycle mapping for MavenProject: com.webvue.ecom:ecom-parent:0.0.1-SNAPSHOT @ C:\work\startup\ecom_iteration4\ecom-parent\pom.xml.
2016-07-10 20:19:35,244 [Worker-65] INFO  o.e.m.c.i.l.LifecycleMappingFactory - Using org.eclipse.m2e.jdt.JarLifecycleMapping lifecycle mapping for MavenProject: com.webvue.ecom:ecom-core:0.0.1-SNAPSHOT @ C:\work\startup\ecom_iteration4\ecom-core\pom.xml.
2016-07-10 20:19:38,300 [Worker-68] INFO  o.e.m.c.i.embedder.EclipseLogger - Using 'UTF-8' encoding to copy filtered resources.
2016-07-10 20:19:38,305 [Worker-68] INFO  o.e.m.c.i.embedder.EclipseLogger - Copying 0 resource
2016-07-10 20:19:38,307 [Worker-68] INFO  o.e.m.c.i.embedder.EclipseLogger - Using 'UTF-8' encoding to copy filtered resources.
2016-07-10 20:19:38,308 [Worker-68] INFO  o.e.m.c.i.embedder.EclipseLogger - Copying 0 resource
2016-07-10 21:51:07,769 [Worker-87] INFO  o.e.m.c.i.embedder.EclipseLogger - Using 'UTF-8' encoding to copy filtered resources.
2016-07-10 21:51:07,771 [Worker-87] INFO  o.e.m.c.i.embedder.EclipseLogger - Copying 0 resource
2016-07-10 21:51:07,773 [Worker-87] INFO  o.e.m.c.i.embedder.EclipseLogger - Using 'UTF-8' encoding to copy filtered resources.
2016-07-10 21:51:07,774 [Worker-87] INFO  o.e.m.c.i.embedder.EclipseLogger - Copying 0 resource
2016-07-10 21:52:23,880 [Worker-87] INFO  o.e.m.c.i.embedder.EclipseLogger - Using 'UTF-8' encoding to copy filtered resources.
2016-07-10 21:52:23,881 [Worker-87] INFO  o.e.m.c.i.embedder.EclipseLogger - Copying 0 resource
2016-07-10 21:52:23,883 [Worker-87] INFO  o.e.m.c.i.embedder.EclipseLogger - Using 'UTF-8' encoding to copy filtered resources.
2016-07-10 21:52:23,883 [Worker-87] INFO  o.e.m.c.i.embedder.EclipseLogger - Copying 0 resource
2016-07-10 21:52:52,325 [Worker-77] INFO  o.e.m.c.i.embedder.EclipseLogger - Using 'UTF-8' encoding to copy filtered resources.
2016-07-10 21:52:52,326 [Worker-77] INFO  o.e.m.c.i.embedder.EclipseLogger - Copying 0 resource
2016-07-10 21:52:52,327 [Worker-77] INFO  o.e.m.c.i.embedder.EclipseLogger - Using 'UTF-8' encoding to copy filtered resources.
2016-07-10 21:52:52,327 [Worker-77] INFO  o.e.m.c.i.embedder.EclipseLogger - Copying 0 resource
2016-07-10 21:52:54,341 [Worker-85] INFO  o.e.m.c.i.embedder.EclipseLogger - Using 'UTF-8' encoding to copy filtered resources.
2016-07-10 21:52:54,342 [Worker-85] INFO  o.e.m.c.i.embedder.EclipseLogger - Copying 0 resource
2016-07-10 21:52:54,344 [Worker-85] INFO  o.e.m.c.i.embedder.EclipseLogger - Using 'UTF-8' encoding to copy filtered resources.
2016-07-10 21:52:54,345 [Worker-85] INFO  o.e.m.c.i.embedder.EclipseLogger - Copying 0 resource
2016-07-10 21:53:04,874 [Worker-88] INFO  o.e.m.c.i.embedder.EclipseLogger - Using 'UTF-8' encoding to copy filtered resources.
2016-07-10 21:53:04,874 [Worker-88] INFO  o.e.m.c.i.embedder.EclipseLogger - Copying 0 resource
2016-07-10 21:53:04,875 [Worker-88] INFO  o.e.m.c.i.embedder.EclipseLogger - Using 'UTF-8' encoding to copy filtered resources.
2016-07-10 21:53:04,876 [Worker-88] INFO  o.e.m.c.i.embedder.EclipseLogger - Copying 0 resource
2016-07-10 21:53:29,523 [Worker-85] INFO  o.e.m.c.i.embedder.EclipseLogger - Using 'UTF-8' encoding to copy filtered resources.
2016-07-10 21:53:29,523 [Worker-85] INFO  o.e.m.c.i.embedder.EclipseLogger - Copying 0 resource
2016-07-10 21:53:29,525 [Worker-85] INFO  o.e.m.c.i.embedder.EclipseLogger - Using 'UTF-8' encoding to copy filtered resources.
2016-07-10 21:53:29,525 [Worker-85] INFO  o.e.m.c.i.embedder.EclipseLogger - Copying 0 resource
2016-07-10 21:53:39,038 [Worker-85] INFO  o.e.m.c.i.embedder.EclipseLogger - Using 'UTF-8' encoding to copy filtered resources.
2016-07-10 21:53:39,038 [Worker-85] INFO  o.e.m.c.i.embedder.EclipseLogger - Copying 0 resource
2016-07-10 21:53:39,040 [Worker-85] INFO  o.e.m.c.i.embedder.EclipseLogger - Using 'UTF-8' encoding to copy filtered resources.
2016-07-10 21:53:39,040 [Worker-85] INFO  o.e.m.c.i.embedder.EclipseLogger - Copying 0 resource
2016-07-10 21:55:24,380 [Worker-90] INFO  o.e.m.c.i.embedder.EclipseLogger - Using 'UTF-8' encoding to copy filtered resources.
2016-07-10 21:55:24,387 [Worker-90] INFO  o.e.m.c.i.embedder.EclipseLogger - Copying 0 resource
2016-07-10 21:55:24,390 [Worker-90] INFO  o.e.m.c.i.embedder.EclipseLogger - Using 'UTF-8' encoding to copy filtered resources.
2016-07-10 21:55:24,391 [Worker-90] INFO  o.e.m.c.i.embedder.EclipseLogger - Copying 0 resource
2016-07-10 21:56:13,538 [Worker-90] INFO  o.e.m.c.i.embedder.EclipseLogger - Using 'UTF-8' encoding to copy filtered resources.
2016-07-10 21:56:13,539 [Worker-90] INFO  o.e.m.c.i.embedder.EclipseLogger - Copying 0 resource
2016-07-10 21:56:13,539 [Worker-90] INFO  o.e.m.c.i.embedder.EclipseLogger - Using 'UTF-8' encoding to copy filtered resources.
2016-07-10 21:56:13,540 [Worker-90] INFO  o.e.m.c.i.embedder.EclipseLogger - Copying 0 resource
2016-07-10 21:56:52,461 [Worker-85] INFO  o.e.m.c.i.embedder.EclipseLogger - Using 'UTF-8' encoding to copy filtered resources.
2016-07-10 21:56:52,462 [Worker-85] INFO  o.e.m.c.i.embedder.EclipseLogger - Copying 0 resource
2016-07-10 21:56:52,463 [Worker-85] INFO  o.e.m.c.i.embedder.EclipseLogger - Using 'UTF-8' encoding to copy filtered resources.
2016-07-10 21:56:52,464 [Worker-85] INFO  o.e.m.c.i.embedder.EclipseLogger - Copying 0 resource
2016-07-10 21:57:08,502 [Worker-89] INFO  o.e.m.c.i.embedder.EclipseLogger - Using 'UTF-8' encoding to copy filtered resources.
2016-07-10 21:57:08,503 [Worker-89] INFO  o.e.m.c.i.embedder.EclipseLogger - Copying 0 resource
2016-07-10 21:57:08,504 [Worker-89] INFO  o.e.m.c.i.embedder.EclipseLogger - Using 'UTF-8' encoding to copy filtered resources.
2016-07-10 21:57:08,504 [Worker-89] INFO  o.e.m.c.i.embedder.EclipseLogger - Copying 0 resource
2016-07-10 21:57:15,303 [Worker-92] INFO  o.e.m.c.i.embedder.EclipseLogger - Using 'UTF-8' encoding to copy filtered resources.
2016-07-10 21:57:15,304 [Worker-92] INFO  o.e.m.c.i.embedder.EclipseLogger - Copying 0 resource
2016-07-10 21:57:15,305 [Worker-92] INFO  o.e.m.c.i.embedder.EclipseLogger - Using 'UTF-8' encoding to copy filtered resources.
2016-07-10 21:57:15,306 [Worker-92] INFO  o.e.m.c.i.embedder.EclipseLogger - Copying 0 resource
2016-07-10 21:57:25,260 [Worker-85] INFO  o.e.m.c.i.l.LifecycleMappingFactory - Using org.eclipse.m2e.jdt.JarLifecycleMapping lifecycle mapping for MavenProject: com.webvue.ecom:ecom-core:0.0.1-SNAPSHOT @ C:\work\startup\ecom_iteration4\ecom-core\pom.xml.
2016-07-10 21:57:26,258 [Worker-85] INFO  o.e.m.c.i.embedder.EclipseLogger - Using 'UTF-8' encoding to copy filtered resources.
2016-07-10 21:57:26,272 [Worker-85] INFO  o.e.m.c.i.embedder.EclipseLogger - Copying 0 resource
2016-07-10 21:57:26,276 [Worker-85] INFO  o.e.m.c.i.embedder.EclipseLogger - Using 'UTF-8' encoding to copy filtered resources.
2016-07-10 21:57:26,277 [Worker-85] INFO  o.e.m.c.i.embedder.EclipseLogger - Copying 0 resource
2016-07-10 21:58:25,959 [Worker-86] INFO  o.e.m.c.i.embedder.EclipseLogger - Using 'UTF-8' encoding to copy filtered resources.
2016-07-10 21:58:25,961 [Worker-86] INFO  o.e.m.c.i.embedder.EclipseLogger - Copying 0 resource
2016-07-10 21:58:25,963 [Worker-86] INFO  o.e.m.c.i.embedder.EclipseLogger - Using 'UTF-8' encoding to copy filtered resources.
2016-07-10 21:58:25,964 [Worker-86] INFO  o.e.m.c.i.embedder.EclipseLogger - Copying 0 resource
2016-07-10 21:58:43,368 [Worker-92] INFO  o.e.m.c.i.embedder.EclipseLogger - Using 'UTF-8' encoding to copy filtered resources.
2016-07-10 21:58:43,368 [Worker-92] INFO  o.e.m.c.i.embedder.EclipseLogger - Copying 0 resource
2016-07-10 21:58:43,369 [Worker-92] INFO  o.e.m.c.i.embedder.EclipseLogger - Using 'UTF-8' encoding to copy filtered resources.
2016-07-10 21:58:43,370 [Worker-92] INFO  o.e.m.c.i.embedder.EclipseLogger - Copying 0 resource
2016-07-10 21:58:54,189 [Worker-92] INFO  o.e.m.c.i.embedder.EclipseLogger - Using 'UTF-8' encoding to copy filtered resources.
2016-07-10 21:58:54,189 [Worker-92] INFO  o.e.m.c.i.embedder.EclipseLogger - Copying 0 resource
2016-07-10 21:58:54,192 [Worker-92] INFO  o.e.m.c.i.embedder.EclipseLogger - Using 'UTF-8' encoding to copy filtered resources.
2016-07-10 21:58:54,193 [Worker-92] INFO  o.e.m.c.i.embedder.EclipseLogger - Copying 0 resource
2016-07-10 21:59:40,793 [Worker-85] INFO  o.e.m.c.i.embedder.EclipseLogger - Using 'UTF-8' encoding to copy filtered resources.
2016-07-10 21:59:40,794 [Worker-85] INFO  o.e.m.c.i.embedder.EclipseLogger - Copying 0 resource
2016-07-10 21:59:40,795 [Worker-85] INFO  o.e.m.c.i.embedder.EclipseLogger - Using 'UTF-8' encoding to copy filtered resources.
2016-07-10 21:59:40,796 [Worker-85] INFO  o.e.m.c.i.embedder.EclipseLogger - Copying 0 resource
2016-07-10 22:00:30,081 [Worker-86] INFO  o.e.m.c.i.embedder.EclipseLogger - Using 'UTF-8' encoding to copy filtered resources.
2016-07-10 22:00:30,082 [Worker-86] INFO  o.e.m.c.i.embedder.EclipseLogger - Copying 0 resource
2016-07-10 22:00:30,083 [Worker-86] INFO  o.e.m.c.i.embedder.EclipseLogger - Using 'UTF-8' encoding to copy filtered resources.
2016-07-10 22:00:30,084 [Worker-86] INFO  o.e.m.c.i.embedder.EclipseLogger - Copying 0 resource
2016-07-10 22:00:32,040 [Worker-85] INFO  o.e.m.c.i.embedder.EclipseLogger - Using 'UTF-8' encoding to copy filtered resources.
2016-07-10 22:00:32,040 [Worker-85] INFO  o.e.m.c.i.embedder.EclipseLogger - Copying 0 resource
2016-07-10 22:00:32,041 [Worker-85] INFO  o.e.m.c.i.embedder.EclipseLogger - Using 'UTF-8' encoding to copy filtered resources.
2016-07-10 22:00:32,041 [Worker-85] INFO  o.e.m.c.i.embedder.EclipseLogger - Copying 0 resource
2016-07-10 22:10:58,106 [Worker-95] INFO  o.e.m.c.i.embedder.EclipseLogger - Using 'UTF-8' encoding to copy filtered resources.
2016-07-10 22:10:58,107 [Worker-95] INFO  o.e.m.c.i.embedder.EclipseLogger - Copying 0 resource
2016-07-10 22:10:58,110 [Worker-95] INFO  o.e.m.c.i.embedder.EclipseLogger - Using 'UTF-8' encoding to copy filtered resources.
2016-07-10 22:10:58,111 [Worker-95] INFO  o.e.m.c.i.embedder.EclipseLogger - Copying 0 resource
2016-07-10 22:10:59,875 [Worker-99] INFO  o.e.m.c.i.embedder.EclipseLogger - Using 'UTF-8' encoding to copy filtered resources.
2016-07-10 22:10:59,876 [Worker-99] INFO  o.e.m.c.i.embedder.EclipseLogger - Copying 0 resource
2016-07-10 22:10:59,877 [Worker-99] INFO  o.e.m.c.i.embedder.EclipseLogger - Using 'UTF-8' encoding to copy filtered resources.
2016-07-10 22:10:59,878 [Worker-99] INFO  o.e.m.c.i.embedder.EclipseLogger - Copying 0 resource
2016-07-10 22:11:35,425 [Worker-100] INFO  o.e.m.c.i.embedder.EclipseLogger - Using 'UTF-8' encoding to copy filtered resources.
2016-07-10 22:11:35,426 [Worker-100] INFO  o.e.m.c.i.embedder.EclipseLogger - Copying 0 resource
2016-07-10 22:11:35,427 [Worker-100] INFO  o.e.m.c.i.embedder.EclipseLogger - Using 'UTF-8' encoding to copy filtered resources.
2016-07-10 22:11:35,427 [Worker-100] INFO  o.e.m.c.i.embedder.EclipseLogger - Copying 0 resource
2016-07-10 22:11:41,908 [Worker-98] INFO  o.e.m.c.i.embedder.EclipseLogger - Using 'UTF-8' encoding to copy filtered resources.
2016-07-10 22:11:41,908 [Worker-98] INFO  o.e.m.c.i.embedder.EclipseLogger - Copying 0 resource
2016-07-10 22:11:41,909 [Worker-98] INFO  o.e.m.c.i.embedder.EclipseLogger - Using 'UTF-8' encoding to copy filtered resources.
2016-07-10 22:11:41,909 [Worker-98] INFO  o.e.m.c.i.embedder.EclipseLogger - Copying 0 resource
2016-07-10 22:12:12,393 [Worker-98] INFO  o.e.m.c.i.embedder.EclipseLogger - Using 'UTF-8' encoding to copy filtered resources.
2016-07-10 22:12:12,394 [Worker-98] INFO  o.e.m.c.i.embedder.EclipseLogger - Copying 0 resource
2016-07-10 22:12:12,395 [Worker-98] INFO  o.e.m.c.i.embedder.EclipseLogger - Using 'UTF-8' encoding to copy filtered resources.
2016-07-10 22:12:12,395 [Worker-98] INFO  o.e.m.c.i.embedder.EclipseLogger - Copying 0 resource
2016-07-10 22:12:26,867 [Worker-95] INFO  o.e.m.c.i.embedder.EclipseLogger - Using 'UTF-8' encoding to copy filtered resources.
2016-07-10 22:12:26,868 [Worker-95] INFO  o.e.m.c.i.embedder.EclipseLogger - Copying 0 resource
2016-07-10 22:12:26,869 [Worker-95] INFO  o.e.m.c.i.embedder.EclipseLogger - Using 'UTF-8' encoding to copy filtered resources.
2016-07-10 22:12:26,869 [Worker-95] INFO  o.e.m.c.i.embedder.EclipseLogger - Copying 0 resource
2016-07-10 22:12:33,282 [Worker-97] INFO  o.e.m.c.i.embedder.EclipseLogger - Using 'UTF-8' encoding to copy filtered resources.
2016-07-10 22:12:33,283 [Worker-97] INFO  o.e.m.c.i.embedder.EclipseLogger - Copying 0 resource
2016-07-10 22:12:33,284 [Worker-97] INFO  o.e.m.c.i.embedder.EclipseLogger - Using 'UTF-8' encoding to copy filtered resources.
2016-07-10 22:12:33,284 [Worker-97] INFO  o.e.m.c.i.embedder.EclipseLogger - Copying 0 resource
2016-07-10 22:12:36,763 [Worker-98] INFO  o.e.m.c.i.embedder.EclipseLogger - Using 'UTF-8' encoding to copy filtered resources.
2016-07-10 22:12:36,763 [Worker-98] INFO  o.e.m.c.i.embedder.EclipseLogger - Copying 0 resource
2016-07-10 22:12:36,764 [Worker-98] INFO  o.e.m.c.i.embedder.EclipseLogger - Using 'UTF-8' encoding to copy filtered resources.
2016-07-10 22:12:36,765 [Worker-98] INFO  o.e.m.c.i.embedder.EclipseLogger - Copying 0 resource
2016-07-10 22:13:12,741 [Worker-97] INFO  o.e.m.c.i.embedder.EclipseLogger - Using 'UTF-8' encoding to copy filtered resources.
2016-07-10 22:13:12,742 [Worker-97] INFO  o.e.m.c.i.embedder.EclipseLogger - Copying 0 resource
2016-07-10 22:13:12,744 [Worker-97] INFO  o.e.m.c.i.embedder.EclipseLogger - Using 'UTF-8' encoding to copy filtered resources.
2016-07-10 22:13:12,744 [Worker-97] INFO  o.e.m.c.i.embedder.EclipseLogger - Copying 0 resource
2016-07-10 22:13:40,494 [Worker-91] INFO  o.e.m.c.i.embedder.EclipseLogger - Using 'UTF-8' encoding to copy filtered resources.
2016-07-10 22:13:40,494 [Worker-91] INFO  o.e.m.c.i.embedder.EclipseLogger - Copying 0 resource
2016-07-10 22:13:40,495 [Worker-91] INFO  o.e.m.c.i.embedder.EclipseLogger - Using 'UTF-8' encoding to copy filtered resources.
2016-07-10 22:13:40,496 [Worker-91] INFO  o.e.m.c.i.embedder.EclipseLogger - Copying 0 resource
2016-07-10 22:13:44,145 [Worker-95] INFO  o.e.m.c.i.embedder.EclipseLogger - Using 'UTF-8' encoding to copy filtered resources.
2016-07-10 22:13:44,146 [Worker-95] INFO  o.e.m.c.i.embedder.EclipseLogger - Copying 0 resource
2016-07-10 22:13:44,147 [Worker-95] INFO  o.e.m.c.i.embedder.EclipseLogger - Using 'UTF-8' encoding to copy filtered resources.
2016-07-10 22:13:44,148 [Worker-95] INFO  o.e.m.c.i.embedder.EclipseLogger - Copying 0 resource
2016-07-10 22:14:21,365 [Worker-95] INFO  o.e.m.c.i.embedder.EclipseLogger - Using 'UTF-8' encoding to copy filtered resources.
2016-07-10 22:14:21,366 [Worker-95] INFO  o.e.m.c.i.embedder.EclipseLogger - Copying 0 resource
2016-07-10 22:14:21,368 [Worker-95] INFO  o.e.m.c.i.embedder.EclipseLogger - Using 'UTF-8' encoding to copy filtered resources.
2016-07-10 22:14:21,369 [Worker-95] INFO  o.e.m.c.i.embedder.EclipseLogger - Copying 0 resource
2016-07-10 22:14:52,162 [Worker-99] INFO  o.e.m.c.i.embedder.EclipseLogger - Using 'UTF-8' encoding to copy filtered resources.
2016-07-10 22:14:52,162 [Worker-99] INFO  o.e.m.c.i.embedder.EclipseLogger - Copying 0 resource
2016-07-10 22:14:52,163 [Worker-99] INFO  o.e.m.c.i.embedder.EclipseLogger - Using 'UTF-8' encoding to copy filtered resources.
2016-07-10 22:14:52,163 [Worker-99] INFO  o.e.m.c.i.embedder.EclipseLogger - Copying 0 resource
2016-07-10 22:14:54,094 [Worker-95] INFO  o.e.m.c.i.embedder.EclipseLogger - Using 'UTF-8' encoding to copy filtered resources.
2016-07-10 22:14:54,095 [Worker-95] INFO  o.e.m.c.i.embedder.EclipseLogger - Copying 0 resource
2016-07-10 22:14:54,096 [Worker-95] INFO  o.e.m.c.i.embedder.EclipseLogger - Using 'UTF-8' encoding to copy filtered resources.
2016-07-10 22:14:54,097 [Worker-95] INFO  o.e.m.c.i.embedder.EclipseLogger - Copying 0 resource
2016-07-10 22:19:25,646 [Worker-102] INFO  o.e.m.c.i.embedder.EclipseLogger - Using 'UTF-8' encoding to copy filtered resources.
2016-07-10 22:19:25,647 [Worker-102] INFO  o.e.m.c.i.embedder.EclipseLogger - Copying 0 resource
2016-07-10 22:19:25,648 [Worker-102] INFO  o.e.m.c.i.embedder.EclipseLogger - Using 'UTF-8' encoding to copy filtered resources.
2016-07-10 22:19:25,649 [Worker-102] INFO  o.e.m.c.i.embedder.EclipseLogger - Copying 0 resource
2016-07-10 22:19:28,321 [Worker-100] INFO  o.e.m.c.i.embedder.EclipseLogger - Using 'UTF-8' encoding to copy filtered resources.
2016-07-10 22:19:28,322 [Worker-100] INFO  o.e.m.c.i.embedder.EclipseLogger - Copying 0 resource
2016-07-10 22:19:28,323 [Worker-100] INFO  o.e.m.c.i.embedder.EclipseLogger - Using 'UTF-8' encoding to copy filtered resources.
2016-07-10 22:19:28,324 [Worker-100] INFO  o.e.m.c.i.embedder.EclipseLogger - Copying 0 resource
2016-07-10 22:20:20,490 [Worker-102] INFO  o.e.m.c.i.embedder.EclipseLogger - Using 'UTF-8' encoding to copy filtered resources.
2016-07-10 22:20:20,491 [Worker-102] INFO  o.e.m.c.i.embedder.EclipseLogger - Copying 0 resource
2016-07-10 22:20:20,492 [Worker-102] INFO  o.e.m.c.i.embedder.EclipseLogger - Using 'UTF-8' encoding to copy filtered resources.
2016-07-10 22:20:20,492 [Worker-102] INFO  o.e.m.c.i.embedder.EclipseLogger - Copying 0 resource
2016-07-10 22:22:24,836 [Worker-102] INFO  o.e.m.c.i.embedder.EclipseLogger - Using 'UTF-8' encoding to copy filtered resources.
2016-07-10 22:22:24,837 [Worker-102] INFO  o.e.m.c.i.embedder.EclipseLogger - Copying 0 resource
2016-07-10 22:22:24,838 [Worker-102] INFO  o.e.m.c.i.embedder.EclipseLogger - Using 'UTF-8' encoding to copy filtered resources.
2016-07-10 22:22:24,839 [Worker-102] INFO  o.e.m.c.i.embedder.EclipseLogger - Copying 0 resource
2016-07-10 22:22:35,676 [Worker-102] INFO  o.e.m.c.i.embedder.EclipseLogger - Using 'UTF-8' encoding to copy filtered resources.
2016-07-10 22:22:35,677 [Worker-102] INFO  o.e.m.c.i.embedder.EclipseLogger - Copying 0 resource
2016-07-10 22:22:35,678 [Worker-102] INFO  o.e.m.c.i.embedder.EclipseLogger - Using 'UTF-8' encoding to copy filtered resources.
2016-07-10 22:22:35,678 [Worker-102] INFO  o.e.m.c.i.embedder.EclipseLogger - Copying 0 resource
2016-07-10 22:29:52,318 [Worker-102] INFO  o.e.m.c.i.embedder.EclipseLogger - Using 'UTF-8' encoding to copy filtered resources.
2016-07-10 22:29:52,319 [Worker-102] INFO  o.e.m.c.i.embedder.EclipseLogger - Copying 0 resource
2016-07-10 22:29:52,320 [Worker-102] INFO  o.e.m.c.i.embedder.EclipseLogger - Using 'UTF-8' encoding to copy filtered resources.
2016-07-10 22:29:52,321 [Worker-102] INFO  o.e.m.c.i.embedder.EclipseLogger - Copying 0 resource
2016-07-10 22:32:28,162 [Worker-102] INFO  o.e.m.c.i.embedder.EclipseLogger - Using 'UTF-8' encoding to copy filtered resources.
2016-07-10 22:32:28,163 [Worker-102] INFO  o.e.m.c.i.embedder.EclipseLogger - Copying 0 resource
2016-07-10 22:32:28,164 [Worker-102] INFO  o.e.m.c.i.embedder.EclipseLogger - Using 'UTF-8' encoding to copy filtered resources.
2016-07-10 22:32:28,164 [Worker-102] INFO  o.e.m.c.i.embedder.EclipseLogger - Copying 0 resource
2016-07-10 22:34:07,898 [Worker-108] INFO  o.e.m.c.i.embedder.EclipseLogger - Using 'UTF-8' encoding to copy filtered resources.
2016-07-10 22:34:07,899 [Worker-108] INFO  o.e.m.c.i.embedder.EclipseLogger - Copying 0 resource
2016-07-10 22:34:07,900 [Worker-108] INFO  o.e.m.c.i.embedder.EclipseLogger - Using 'UTF-8' encoding to copy filtered resources.
2016-07-10 22:34:07,900 [Worker-108] INFO  o.e.m.c.i.embedder.EclipseLogger - Copying 0 resource
2016-07-10 22:34:17,634 [Worker-107] INFO  o.e.m.c.i.embedder.EclipseLogger - Using 'UTF-8' encoding to copy filtered resources.
2016-07-10 22:34:17,635 [Worker-107] INFO  o.e.m.c.i.embedder.EclipseLogger - Copying 0 resource
2016-07-10 22:34:17,636 [Worker-107] INFO  o.e.m.c.i.embedder.EclipseLogger - Using 'UTF-8' encoding to copy filtered resources.
2016-07-10 22:34:17,636 [Worker-107] INFO  o.e.m.c.i.embedder.EclipseLogger - Copying 0 resource
2016-07-10 22:35:38,596 [Worker-107] INFO  o.e.m.c.i.embedder.EclipseLogger - Using 'UTF-8' encoding to copy filtered resources.
2016-07-10 22:35:38,597 [Worker-107] INFO  o.e.m.c.i.embedder.EclipseLogger - Copying 0 resource
2016-07-10 22:35:38,598 [Worker-107] INFO  o.e.m.c.i.embedder.EclipseLogger - Using 'UTF-8' encoding to copy filtered resources.
2016-07-10 22:35:38,598 [Worker-107] INFO  o.e.m.c.i.embedder.EclipseLogger - Copying 0 resource
2016-07-10 22:35:48,749 [Worker-108] INFO  o.e.m.c.i.embedder.EclipseLogger - Using 'UTF-8' encoding to copy filtered resources.
2016-07-10 22:35:48,750 [Worker-108] INFO  o.e.m.c.i.embedder.EclipseLogger - Copying 0 resource
2016-07-10 22:35:48,752 [Worker-108] INFO  o.e.m.c.i.embedder.EclipseLogger - Using 'UTF-8' encoding to copy filtered resources.
2016-07-10 22:35:48,753 [Worker-108] INFO  o.e.m.c.i.embedder.EclipseLogger - Copying 0 resource
2016-07-10 23:31:05,382 [Worker-122] INFO  o.e.m.c.i.embedder.EclipseLogger - Using 'UTF-8' encoding to copy filtered resources.
2016-07-10 23:31:05,383 [Worker-122] INFO  o.e.m.c.i.embedder.EclipseLogger - Copying 0 resource
2016-07-10 23:31:05,385 [Worker-122] INFO  o.e.m.c.i.embedder.EclipseLogger - Using 'UTF-8' encoding to copy filtered resources.
2016-07-10 23:31:05,386 [Worker-122] INFO  o.e.m.c.i.embedder.EclipseLogger - Copying 0 resource
2016-07-10 23:31:10,505 [Worker-121] INFO  o.e.m.c.i.embedder.EclipseLogger - Using 'UTF-8' encoding to copy filtered resources.
2016-07-10 23:31:10,506 [Worker-121] INFO  o.e.m.c.i.embedder.EclipseLogger - Copying 0 resource
2016-07-10 23:31:10,507 [Worker-121] INFO  o.e.m.c.i.embedder.EclipseLogger - Using 'UTF-8' encoding to copy filtered resources.
2016-07-10 23:31:10,507 [Worker-121] INFO  o.e.m.c.i.embedder.EclipseLogger - Copying 0 resource
2016-07-10 23:37:22,522 [Worker-118] INFO  o.e.m.c.i.embedder.EclipseLogger - Using 'UTF-8' encoding to copy filtered resources.
2016-07-10 23:37:22,524 [Worker-118] INFO  o.e.m.c.i.embedder.EclipseLogger - Copying 0 resource
2016-07-10 23:37:22,525 [Worker-118] INFO  o.e.m.c.i.embedder.EclipseLogger - Using 'UTF-8' encoding to copy filtered resources.
2016-07-10 23:37:22,525 [Worker-118] INFO  o.e.m.c.i.embedder.EclipseLogger - Copying 0 resource
2016-07-10 23:38:18,159 [Worker-129] INFO  o.e.m.c.i.embedder.EclipseLogger - Using 'UTF-8' encoding to copy filtered resources.
2016-07-10 23:38:18,159 [Worker-129] INFO  o.e.m.c.i.embedder.EclipseLogger - Copying 1 resource
2016-07-10 23:38:18,170 [Worker-129] INFO  o.e.m.c.i.embedder.EclipseLogger - Using 'UTF-8' encoding to copy filtered resources.
2016-07-10 23:38:18,170 [Worker-129] INFO  o.e.m.c.i.embedder.EclipseLogger - Copying 0 resource
2016-07-10 23:38:25,620 [Worker-130] INFO  o.e.m.c.i.embedder.EclipseLogger - Using 'UTF-8' encoding to copy filtered resources.
2016-07-10 23:38:25,621 [Worker-130] INFO  o.e.m.c.i.embedder.EclipseLogger - Copying 1 resource
2016-07-10 23:38:25,626 [Worker-130] INFO  o.e.m.c.i.embedder.EclipseLogger - Using 'UTF-8' encoding to copy filtered resources.
2016-07-10 23:38:25,627 [Worker-130] INFO  o.e.m.c.i.embedder.EclipseLogger - Copying 0 resource
2016-07-10 23:38:34,471 [Worker-118] INFO  o.e.m.c.i.embedder.EclipseLogger - Using 'UTF-8' encoding to copy filtered resources.
2016-07-10 23:38:34,472 [Worker-118] INFO  o.e.m.c.i.embedder.EclipseLogger - Copying 1 resource
2016-07-10 23:38:34,474 [Worker-118] INFO  o.e.m.c.i.embedder.EclipseLogger - Using 'UTF-8' encoding to copy filtered resources.
2016-07-10 23:38:34,475 [Worker-118] INFO  o.e.m.c.i.embedder.EclipseLogger - Copying 0 resource
2016-07-10 23:38:47,879 [Worker-126] INFO  o.e.m.c.i.embedder.EclipseLogger - Using 'UTF-8' encoding to copy filtered resources.
2016-07-10 23:38:47,880 [Worker-126] INFO  o.e.m.c.i.embedder.EclipseLogger - Copying 1 resource
2016-07-10 23:38:47,884 [Worker-126] INFO  o.e.m.c.i.embedder.EclipseLogger - Using 'UTF-8' encoding to copy filtered resources.
2016-07-10 23:38:47,885 [Worker-126] INFO  o.e.m.c.i.embedder.EclipseLogger - Copying 0 resource
2016-07-10 23:39:59,173 [Worker-126] INFO  o.e.m.c.i.embedder.EclipseLogger - Using 'UTF-8' encoding to copy filtered resources.
2016-07-10 23:39:59,174 [Worker-126] INFO  o.e.m.c.i.embedder.EclipseLogger - Copying 1 resource
2016-07-10 23:39:59,180 [Worker-126] INFO  o.e.m.c.i.embedder.EclipseLogger - Using 'UTF-8' encoding to copy filtered resources.
2016-07-10 23:39:59,181 [Worker-126] INFO  o.e.m.c.i.embedder.EclipseLogger - Copying 0 resource
2016-07-10 23:40:40,203 [Worker-130] INFO  o.e.m.c.i.embedder.EclipseLogger - Using 'UTF-8' encoding to copy filtered resources.
2016-07-10 23:40:40,204 [Worker-130] INFO  o.e.m.c.i.embedder.EclipseLogger - Copying 1 resource
2016-07-10 23:40:40,216 [Worker-130] INFO  o.e.m.c.i.embedder.EclipseLogger - Using 'UTF-8' encoding to copy filtered resources.
2016-07-10 23:40:40,216 [Worker-130] INFO  o.e.m.c.i.embedder.EclipseLogger - Copying 0 resource
2016-07-10 23:40:50,869 [Worker-125] INFO  o.e.m.c.i.embedder.EclipseLogger - Using 'UTF-8' encoding to copy filtered resources.
2016-07-10 23:40:50,870 [Worker-125] INFO  o.e.m.c.i.embedder.EclipseLogger - Copying 1 resource
2016-07-10 23:40:50,887 [Worker-125] INFO  o.e.m.c.i.embedder.EclipseLogger - Using 'UTF-8' encoding to copy filtered resources.
2016-07-10 23:40:50,888 [Worker-125] INFO  o.e.m.c.i.embedder.EclipseLogger - Copying 0 resource
2016-07-10 23:42:31,237 [Worker-126] INFO  o.e.m.c.i.e.AbstractTransferListenerAdapter - Downloading https://repo.maven.apache.org/maven2/org/hibernate/hibernate-core/5.2.1.Final/hibernate-core-5.2.1.Final-sources.jar
2016-07-10 23:42:38,241 [Worker-126] INFO  o.e.m.c.i.e.AbstractTransferListenerAdapter - Downloaded https://repo.maven.apache.org/maven2/org/hibernate/hibernate-core/5.2.1.Final/hibernate-core-5.2.1.Final-sources.jar
2016-07-10 23:42:38,627 [Worker-126] INFO  o.e.m.j.internal.DownloadSourcesJob - Downloaded sources for org.hibernate:hibernate-core:5.2.1.Final
2016-07-10 23:42:38,856 [Worker-129] INFO  o.e.m.c.i.embedder.EclipseLogger - Using 'UTF-8' encoding to copy filtered resources.
2016-07-10 23:42:38,857 [Worker-129] INFO  o.e.m.c.i.embedder.EclipseLogger - Copying 0 resource
2016-07-10 23:42:38,857 [Worker-129] INFO  o.e.m.c.i.embedder.EclipseLogger - Using 'UTF-8' encoding to copy filtered resources.
2016-07-10 23:42:38,858 [Worker-129] INFO  o.e.m.c.i.embedder.EclipseLogger - Copying 0 resource
2016-07-10 23:44:13,721 [Worker-129] INFO  o.e.m.c.i.embedder.EclipseLogger - Using 'UTF-8' encoding to copy filtered resources.
2016-07-10 23:44:13,721 [Worker-129] INFO  o.e.m.c.i.embedder.EclipseLogger - Copying 1 resource
2016-07-10 23:44:13,724 [Worker-129] INFO  o.e.m.c.i.embedder.EclipseLogger - Using 'UTF-8' encoding to copy filtered resources.
2016-07-10 23:44:13,725 [Worker-129] INFO  o.e.m.c.i.embedder.EclipseLogger - Copying 0 resource
2016-07-10 23:45:03,411 [Worker-129] INFO  o.e.m.c.i.embedder.EclipseLogger - Using 'UTF-8' encoding to copy filtered resources.
2016-07-10 23:45:03,412 [Worker-129] INFO  o.e.m.c.i.embedder.EclipseLogger - Copying 1 resource
2016-07-10 23:45:03,415 [Worker-129] INFO  o.e.m.c.i.embedder.EclipseLogger - Using 'UTF-8' encoding to copy filtered resources.
2016-07-10 23:45:03,415 [Worker-129] INFO  o.e.m.c.i.embedder.EclipseLogger - Copying 0 resource
2016-07-10 23:48:18,555 [Worker-125] INFO  o.e.m.c.i.l.LifecycleMappingFactory - Using NULL lifecycle mapping for MavenProject: com.webvue.ecom:ecom-parent:0.0.1-SNAPSHOT @ C:\work\startup\ecom_iteration4\ecom-parent\pom.xml.
2016-07-10 23:48:19,538 [Worker-125] INFO  o.e.m.c.i.l.LifecycleMappingFactory - Using org.eclipse.m2e.jdt.JarLifecycleMapping lifecycle mapping for MavenProject: com.webvue.ecom:ecom-core:0.0.1-SNAPSHOT @ C:\work\startup\ecom_iteration4\ecom-core\pom.xml.
2016-07-10 23:48:22,476 [Worker-125] INFO  o.e.m.c.i.embedder.EclipseLogger - Using 'UTF-8' encoding to copy filtered resources.
2016-07-10 23:48:22,480 [Worker-125] INFO  o.e.m.c.i.embedder.EclipseLogger - Copying 0 resource
2016-07-10 23:48:22,482 [Worker-125] INFO  o.e.m.c.i.embedder.EclipseLogger - Using 'UTF-8' encoding to copy filtered resources.
2016-07-10 23:48:22,483 [Worker-125] INFO  o.e.m.c.i.embedder.EclipseLogger - Copying 0 resource
2016-07-10 23:48:55,336 [Worker-131] INFO  o.e.m.c.i.l.LifecycleMappingFactory - Using NULL lifecycle mapping for MavenProject: com.webvue.ecom:ecom-parent:0.0.1-SNAPSHOT @ C:\work\startup\ecom_iteration4\ecom-parent\pom.xml.
2016-07-10 23:48:56,023 [Worker-131] INFO  o.e.m.c.i.l.LifecycleMappingFactory - Using org.eclipse.m2e.jdt.JarLifecycleMapping lifecycle mapping for MavenProject: com.webvue.ecom:ecom-core:0.0.1-SNAPSHOT @ C:\work\startup\ecom_iteration4\ecom-core\pom.xml.
2016-07-10 23:48:59,172 [Worker-130] INFO  o.e.m.c.i.embedder.EclipseLogger - Using 'UTF-8' encoding to copy filtered resources.
2016-07-10 23:48:59,177 [Worker-130] INFO  o.e.m.c.i.embedder.EclipseLogger - Copying 0 resource
2016-07-10 23:48:59,179 [Worker-130] INFO  o.e.m.c.i.embedder.EclipseLogger - Using 'UTF-8' encoding to copy filtered resources.
2016-07-10 23:48:59,179 [Worker-130] INFO  o.e.m.c.i.embedder.EclipseLogger - Copying 0 resource
2016-07-10 23:49:47,385 [Worker-133] INFO  o.e.m.c.i.l.LifecycleMappingFactory - Using NULL lifecycle mapping for MavenProject: com.webvue.ecom:ecom-parent:0.0.1-SNAPSHOT @ C:\work\startup\ecom_iteration4\ecom-parent\pom.xml.
2016-07-10 23:49:48,165 [Worker-133] INFO  o.e.m.c.i.l.LifecycleMappingFactory - Using org.eclipse.m2e.jdt.JarLifecycleMapping lifecycle mapping for MavenProject: com.webvue.ecom:ecom-core:0.0.1-SNAPSHOT @ C:\work\startup\ecom_iteration4\ecom-core\pom.xml.
2016-07-10 23:49:51,155 [Worker-125] INFO  o.e.m.c.i.embedder.EclipseLogger - Using 'UTF-8' encoding to copy filtered resources.
2016-07-10 23:49:51,160 [Worker-125] INFO  o.e.m.c.i.embedder.EclipseLogger - Copying 0 resource
2016-07-10 23:49:51,163 [Worker-125] INFO  o.e.m.c.i.embedder.EclipseLogger - Using 'UTF-8' encoding to copy filtered resources.
2016-07-10 23:49:51,164 [Worker-125] INFO  o.e.m.c.i.embedder.EclipseLogger - Copying 0 resource
2016-07-10 23:50:10,288 [Worker-125] INFO  o.e.m.c.i.l.LifecycleMappingFactory - Using NULL lifecycle mapping for MavenProject: com.webvue.ecom:ecom-parent:0.0.1-SNAPSHOT @ C:\work\startup\ecom_iteration4\ecom-parent\pom.xml.
2016-07-10 23:50:10,949 [Worker-125] INFO  o.e.m.c.i.l.LifecycleMappingFactory - Using org.eclipse.m2e.jdt.JarLifecycleMapping lifecycle mapping for MavenProject: com.webvue.ecom:ecom-core:0.0.1-SNAPSHOT @ C:\work\startup\ecom_iteration4\ecom-core\pom.xml.
2016-07-10 23:50:13,763 [Worker-130] INFO  o.e.m.c.i.embedder.EclipseLogger - Using 'UTF-8' encoding to copy filtered resources.
2016-07-10 23:50:13,768 [Worker-130] INFO  o.e.m.c.i.embedder.EclipseLogger - Copying 0 resource
2016-07-10 23:50:13,769 [Worker-130] INFO  o.e.m.c.i.embedder.EclipseLogger - Using 'UTF-8' encoding to copy filtered resources.
2016-07-10 23:50:13,770 [Worker-130] INFO  o.e.m.c.i.embedder.EclipseLogger - Copying 0 resource
2016-07-11 00:07:49,829 [Worker-138] INFO  o.e.m.c.i.l.LifecycleMappingFactory - Using org.eclipse.m2e.jdt.JarLifecycleMapping lifecycle mapping for MavenProject: com.webvue.ecom:ecom-core:0.0.1-SNAPSHOT @ C:\work\startup\ecom_iteration4\ecom-core\pom.xml.
2016-07-11 00:07:50,715 [Worker-138] INFO  o.e.m.c.i.embedder.EclipseLogger - Using 'UTF-8' encoding to copy filtered resources.
2016-07-11 00:07:50,719 [Worker-138] INFO  o.e.m.c.i.embedder.EclipseLogger - Copying 0 resource
2016-07-11 00:07:50,721 [Worker-138] INFO  o.e.m.c.i.embedder.EclipseLogger - Using 'UTF-8' encoding to copy filtered resources.
2016-07-11 00:07:50,722 [Worker-138] INFO  o.e.m.c.i.embedder.EclipseLogger - Copying 0 resource
2016-07-11 00:07:51,880 [Worker-137] INFO  o.e.m.c.i.embedder.EclipseLogger - Using 'UTF-8' encoding to copy filtered resources.
2016-07-11 00:07:51,881 [Worker-137] INFO  o.e.m.c.i.embedder.EclipseLogger - Copying 1 resource
2016-07-11 00:07:51,894 [Worker-137] INFO  o.e.m.c.i.embedder.EclipseLogger - Using 'UTF-8' encoding to copy filtered resources.
2016-07-11 00:07:51,895 [Worker-137] INFO  o.e.m.c.i.embedder.EclipseLogger - Copying 0 resource
2016-07-11 00:08:24,114 [Worker-139] INFO  o.e.m.c.i.l.LifecycleMappingFactory - Using org.eclipse.m2e.jdt.JarLifecycleMapping lifecycle mapping for MavenProject: com.webvue.ecom:ecom-core:0.0.1-SNAPSHOT @ C:\work\startup\ecom_iteration4\ecom-core\pom.xml.
2016-07-11 00:08:24,811 [Worker-139] INFO  o.e.m.c.i.embedder.EclipseLogger - Using 'UTF-8' encoding to copy filtered resources.
2016-07-11 00:08:24,815 [Worker-139] INFO  o.e.m.c.i.embedder.EclipseLogger - Copying 0 resource
2016-07-11 00:08:24,817 [Worker-139] INFO  o.e.m.c.i.embedder.EclipseLogger - Using 'UTF-8' encoding to copy filtered resources.
2016-07-11 00:08:24,818 [Worker-139] INFO  o.e.m.c.i.embedder.EclipseLogger - Copying 0 resource
2016-07-11 00:08:25,883 [Worker-138] INFO  o.e.m.c.i.embedder.EclipseLogger - Using 'UTF-8' encoding to copy filtered resources.
2016-07-11 00:08:25,884 [Worker-138] INFO  o.e.m.c.i.embedder.EclipseLogger - Copying 1 resource
2016-07-11 00:08:25,894 [Worker-138] INFO  o.e.m.c.i.embedder.EclipseLogger - Using 'UTF-8' encoding to copy filtered resources.
2016-07-11 00:08:25,895 [Worker-138] INFO  o.e.m.c.i.embedder.EclipseLogger - Copying 0 resource
2016-07-11 00:10:06,309 [Worker-135] INFO  o.e.m.c.i.embedder.EclipseLogger - Using 'UTF-8' encoding to copy filtered resources.
2016-07-11 00:10:06,311 [Worker-135] INFO  o.e.m.c.i.embedder.EclipseLogger - Copying 1 resource
2016-07-11 00:10:06,312 [Worker-135] INFO  o.e.m.c.i.embedder.EclipseLogger - Using 'UTF-8' encoding to copy filtered resources.
2016-07-11 00:10:06,313 [Worker-135] INFO  o.e.m.c.i.embedder.EclipseLogger - Copying 0 resource
2016-07-11 00:10:13,649 [Worker-139] INFO  o.e.m.c.i.embedder.EclipseLogger - Using 'UTF-8' encoding to copy filtered resources.
2016-07-11 00:10:13,650 [Worker-139] INFO  o.e.m.c.i.embedder.EclipseLogger - Copying 1 resource
2016-07-11 00:10:13,652 [Worker-139] INFO  o.e.m.c.i.embedder.EclipseLogger - Using 'UTF-8' encoding to copy filtered resources.
2016-07-11 00:10:13,652 [Worker-139] INFO  o.e.m.c.i.embedder.EclipseLogger - Copying 0 resource
2016-07-11 00:10:17,332 [Worker-141] INFO  o.e.m.c.i.embedder.EclipseLogger - Using 'UTF-8' encoding to copy filtered resources.
2016-07-11 00:10:17,333 [Worker-141] INFO  o.e.m.c.i.embedder.EclipseLogger - Copying 1 resource
2016-07-11 00:10:17,334 [Worker-141] INFO  o.e.m.c.i.embedder.EclipseLogger - Using 'UTF-8' encoding to copy filtered resources.
2016-07-11 00:10:17,334 [Worker-141] INFO  o.e.m.c.i.embedder.EclipseLogger - Copying 0 resource
2016-07-11 00:10:32,922 [Worker-140] INFO  o.e.m.c.i.embedder.EclipseLogger - Using 'UTF-8' encoding to copy filtered resources.
2016-07-11 00:10:32,923 [Worker-140] INFO  o.e.m.c.i.embedder.EclipseLogger - Copying 1 resource
2016-07-11 00:10:32,925 [Worker-140] INFO  o.e.m.c.i.embedder.EclipseLogger - Using 'UTF-8' encoding to copy filtered resources.
2016-07-11 00:10:32,926 [Worker-140] INFO  o.e.m.c.i.embedder.EclipseLogger - Copying 0 resource
2016-07-11 00:11:34,349 [Worker-142] INFO  o.e.m.c.i.embedder.EclipseLogger - Using 'UTF-8' encoding to copy filtered resources.
2016-07-11 00:11:34,350 [Worker-142] INFO  o.e.m.c.i.embedder.EclipseLogger - Copying 1 resource
2016-07-11 00:11:34,352 [Worker-142] INFO  o.e.m.c.i.embedder.EclipseLogger - Using 'UTF-8' encoding to copy filtered resources.
2016-07-11 00:11:34,352 [Worker-142] INFO  o.e.m.c.i.embedder.EclipseLogger - Copying 0 resource
2016-07-11 00:12:30,530 [Worker-139] INFO  o.e.m.c.i.embedder.EclipseLogger - Using 'UTF-8' encoding to copy filtered resources.
2016-07-11 00:12:30,530 [Worker-139] INFO  o.e.m.c.i.embedder.EclipseLogger - Copying 1 resource
2016-07-11 00:12:30,535 [Worker-139] INFO  o.e.m.c.i.embedder.EclipseLogger - Using 'UTF-8' encoding to copy filtered resources.
2016-07-11 00:12:30,536 [Worker-139] INFO  o.e.m.c.i.embedder.EclipseLogger - Copying 0 resource
2016-07-11 00:13:50,423 [Worker-139] INFO  o.e.m.c.i.embedder.EclipseLogger - Using 'UTF-8' encoding to copy filtered resources.
2016-07-11 00:13:50,424 [Worker-139] INFO  o.e.m.c.i.embedder.EclipseLogger - Copying 1 resource
2016-07-11 00:13:50,426 [Worker-139] INFO  o.e.m.c.i.embedder.EclipseLogger - Using 'UTF-8' encoding to copy filtered resources.
2016-07-11 00:13:50,426 [Worker-139] INFO  o.e.m.c.i.embedder.EclipseLogger - Copying 0 resource
2016-07-11 00:14:38,345 [Worker-135] INFO  o.e.m.c.i.l.LifecycleMappingFactory - Using NULL lifecycle mapping for MavenProject: com.webvue.ecom:ecom-parent:0.0.1-SNAPSHOT @ C:\work\startup\ecom_iteration4\ecom-parent\pom.xml.
2016-07-11 00:14:39,142 [Worker-135] INFO  o.e.m.c.i.l.LifecycleMappingFactory - Using org.eclipse.m2e.jdt.JarLifecycleMapping lifecycle mapping for MavenProject: com.webvue.ecom:ecom-core:0.0.1-SNAPSHOT @ C:\work\startup\ecom_iteration4\ecom-core\pom.xml.
2016-07-11 00:14:42,182 [Worker-142] INFO  o.e.m.c.i.embedder.EclipseLogger - Using 'UTF-8' encoding to copy filtered resources.
2016-07-11 00:14:42,187 [Worker-142] INFO  o.e.m.c.i.embedder.EclipseLogger - Copying 0 resource
2016-07-11 00:14:42,188 [Worker-142] INFO  o.e.m.c.i.embedder.EclipseLogger - Using 'UTF-8' encoding to copy filtered resources.
2016-07-11 00:14:42,189 [Worker-142] INFO  o.e.m.c.i.embedder.EclipseLogger - Copying 0 resource
2016-07-11 00:14:42,208 [Worker-142] INFO  o.e.m.c.i.l.LifecycleMappingFactory - Using NULL lifecycle mapping for MavenProject: com.webvue.ecom:ecom-parent:0.0.1-SNAPSHOT @ C:\work\startup\ecom_iteration4\ecom-parent\pom.xml.
2016-07-11 00:14:42,967 [Worker-142] INFO  o.e.m.c.i.l.LifecycleMappingFactory - Using org.eclipse.m2e.jdt.JarLifecycleMapping lifecycle mapping for MavenProject: com.webvue.ecom:ecom-core:0.0.1-SNAPSHOT @ C:\work\startup\ecom_iteration4\ecom-core\pom.xml.
2016-07-11 00:14:57,592 [Worker-139] INFO  o.e.m.c.i.l.LifecycleMappingFactory - Using org.eclipse.m2e.jdt.JarLifecycleMapping lifecycle mapping for MavenProject: com.webvue.ecom:ecom-core:0.0.1-SNAPSHOT @ C:\work\startup\ecom_iteration4\ecom-core\pom.xml.
2016-07-11 00:14:58,525 [Worker-139] INFO  o.e.m.c.i.embedder.EclipseLogger - Using 'UTF-8' encoding to copy filtered resources.
2016-07-11 00:14:58,534 [Worker-139] INFO  o.e.m.c.i.embedder.EclipseLogger - Copying 0 resource
2016-07-11 00:14:58,537 [Worker-139] INFO  o.e.m.c.i.embedder.EclipseLogger - Using 'UTF-8' encoding to copy filtered resources.
2016-07-11 00:14:58,538 [Worker-139] INFO  o.e.m.c.i.embedder.EclipseLogger - Copying 0 resource
2016-07-11 00:15:00,062 [Worker-139] INFO  o.e.m.c.i.embedder.EclipseLogger - Using 'UTF-8' encoding to copy filtered resources.
2016-07-11 00:15:00,063 [Worker-139] INFO  o.e.m.c.i.embedder.EclipseLogger - Copying 1 resource
2016-07-11 00:15:00,074 [Worker-139] INFO  o.e.m.c.i.embedder.EclipseLogger - Using 'UTF-8' encoding to copy filtered resources.
2016-07-11 00:15:00,075 [Worker-139] INFO  o.e.m.c.i.embedder.EclipseLogger - Copying 0 resource
2016-07-11 00:15:13,181 [Worker-135] INFO  o.e.m.c.i.embedder.EclipseLogger - Using 'UTF-8' encoding to copy filtered resources.
2016-07-11 00:15:13,182 [Worker-135] INFO  o.e.m.c.i.embedder.EclipseLogger - Copying 1 resource
2016-07-11 00:15:13,183 [Worker-135] INFO  o.e.m.c.i.embedder.EclipseLogger - Using 'UTF-8' encoding to copy filtered resources.
2016-07-11 00:15:13,184 [Worker-135] INFO  o.e.m.c.i.embedder.EclipseLogger - Copying 0 resource
2016-07-11 00:15:36,347 [Worker-140] INFO  o.e.m.c.i.embedder.EclipseLogger - Using 'UTF-8' encoding to copy filtered resources.
2016-07-11 00:15:36,348 [Worker-140] INFO  o.e.m.c.i.embedder.EclipseLogger - Copying 1 resource
2016-07-11 00:15:36,350 [Worker-140] INFO  o.e.m.c.i.embedder.EclipseLogger - Using 'UTF-8' encoding to copy filtered resources.
2016-07-11 00:15:36,351 [Worker-140] INFO  o.e.m.c.i.embedder.EclipseLogger - Copying 0 resource
2016-07-11 00:15:48,514 [Worker-142] INFO  o.e.m.c.i.embedder.EclipseLogger - Using 'UTF-8' encoding to copy filtered resources.
2016-07-11 00:15:48,514 [Worker-142] INFO  o.e.m.c.i.embedder.EclipseLogger - Copying 1 resource
2016-07-11 00:15:48,515 [Worker-142] INFO  o.e.m.c.i.embedder.EclipseLogger - Using 'UTF-8' encoding to copy filtered resources.
2016-07-11 00:15:48,516 [Worker-142] INFO  o.e.m.c.i.embedder.EclipseLogger - Copying 0 resource
2016-07-11 00:16:00,323 [Worker-139] INFO  o.e.m.c.i.embedder.EclipseLogger - Using 'UTF-8' encoding to copy filtered resources.
2016-07-11 00:16:00,324 [Worker-139] INFO  o.e.m.c.i.embedder.EclipseLogger - Copying 1 resource
2016-07-11 00:16:00,326 [Worker-139] INFO  o.e.m.c.i.embedder.EclipseLogger - Using 'UTF-8' encoding to copy filtered resources.
2016-07-11 00:16:00,326 [Worker-139] INFO  o.e.m.c.i.embedder.EclipseLogger - Copying 0 resource
2016-07-11 00:16:17,866 [Worker-140] INFO  o.e.m.c.i.embedder.EclipseLogger - Using 'UTF-8' encoding to copy filtered resources.
2016-07-11 00:16:17,867 [Worker-140] INFO  o.e.m.c.i.embedder.EclipseLogger - Copying 1 resource
2016-07-11 00:16:17,869 [Worker-140] INFO  o.e.m.c.i.embedder.EclipseLogger - Using 'UTF-8' encoding to copy filtered resources.
2016-07-11 00:16:17,869 [Worker-140] INFO  o.e.m.c.i.embedder.EclipseLogger - Copying 0 resource
2016-07-11 00:16:31,572 [Worker-146] INFO  o.e.m.c.i.embedder.EclipseLogger - Using 'UTF-8' encoding to copy filtered resources.
2016-07-11 00:16:31,573 [Worker-146] INFO  o.e.m.c.i.embedder.EclipseLogger - Copying 1 resource
2016-07-11 00:16:31,576 [Worker-146] INFO  o.e.m.c.i.embedder.EclipseLogger - Using 'UTF-8' encoding to copy filtered resources.
2016-07-11 00:16:31,576 [Worker-146] INFO  o.e.m.c.i.embedder.EclipseLogger - Copying 0 resource
2016-07-11 00:16:42,000 [Worker-143] INFO  o.e.m.c.i.embedder.EclipseLogger - Using 'UTF-8' encoding to copy filtered resources.
2016-07-11 00:16:42,002 [Worker-143] INFO  o.e.m.c.i.embedder.EclipseLogger - Copying 1 resource
2016-07-11 00:16:42,003 [Worker-143] INFO  o.e.m.c.i.embedder.EclipseLogger - Using 'UTF-8' encoding to copy filtered resources.
2016-07-11 00:16:42,004 [Worker-143] INFO  o.e.m.c.i.embedder.EclipseLogger - Copying 0 resource
2016-07-11 00:16:50,811 [Worker-139] INFO  o.e.m.c.i.embedder.EclipseLogger - Using 'UTF-8' encoding to copy filtered resources.
2016-07-11 00:16:50,811 [Worker-139] INFO  o.e.m.c.i.embedder.EclipseLogger - Copying 1 resource
2016-07-11 00:16:50,813 [Worker-139] INFO  o.e.m.c.i.embedder.EclipseLogger - Using 'UTF-8' encoding to copy filtered resources.
2016-07-11 00:16:50,813 [Worker-139] INFO  o.e.m.c.i.embedder.EclipseLogger - Copying 0 resource
2016-07-11 00:17:33,370 [Worker-142] INFO  o.e.m.c.i.embedder.EclipseLogger - Using 'UTF-8' encoding to copy filtered resources.
2016-07-11 00:17:33,371 [Worker-142] INFO  o.e.m.c.i.embedder.EclipseLogger - Copying 1 resource
2016-07-11 00:17:33,372 [Worker-142] INFO  o.e.m.c.i.embedder.EclipseLogger - Using 'UTF-8' encoding to copy filtered resources.
2016-07-11 00:17:33,372 [Worker-142] INFO  o.e.m.c.i.embedder.EclipseLogger - Copying 0 resource
2016-07-11 00:35:25,725 [Worker-141] INFO  o.e.m.c.i.embedder.EclipseLogger - Using 'UTF-8' encoding to copy filtered resources.
2016-07-11 00:35:25,725 [Worker-141] INFO  o.e.m.c.i.embedder.EclipseLogger - Copying 0 resource
2016-07-11 00:35:25,727 [Worker-141] INFO  o.e.m.c.i.embedder.EclipseLogger - Using 'UTF-8' encoding to copy filtered resources.
2016-07-11 00:35:25,728 [Worker-141] INFO  o.e.m.c.i.embedder.EclipseLogger - Copying 0 resource
2016-07-11 00:35:41,173 [Worker-152] INFO  o.e.m.c.i.embedder.EclipseLogger - Using 'UTF-8' encoding to copy filtered resources.
2016-07-11 00:35:41,173 [Worker-152] INFO  o.e.m.c.i.embedder.EclipseLogger - Copying 0 resource
2016-07-11 00:35:41,174 [Worker-152] INFO  o.e.m.c.i.embedder.EclipseLogger - Using 'UTF-8' encoding to copy filtered resources.
2016-07-11 00:35:41,175 [Worker-152] INFO  o.e.m.c.i.embedder.EclipseLogger - Copying 0 resource
2016-07-11 00:36:31,389 [Worker-141] INFO  o.e.m.c.i.l.LifecycleMappingFactory - Using NULL lifecycle mapping for MavenProject: com.webvue.ecom:ecom-parent:0.0.1-SNAPSHOT @ C:\work\startup\ecom_iteration4\ecom-parent\pom.xml.
2016-07-11 00:36:32,062 [Worker-141] INFO  o.e.m.c.i.l.LifecycleMappingFactory - Using org.eclipse.m2e.jdt.JarLifecycleMapping lifecycle mapping for MavenProject: com.webvue.ecom:ecom-core:0.0.1-SNAPSHOT @ C:\work\startup\ecom_iteration4\ecom-core\pom.xml.
2016-07-11 00:36:35,338 [Worker-151] INFO  o.e.m.c.i.embedder.EclipseLogger - Using 'UTF-8' encoding to copy filtered resources.
2016-07-11 00:36:35,343 [Worker-151] INFO  o.e.m.c.i.embedder.EclipseLogger - Copying 0 resource
2016-07-11 00:36:35,344 [Worker-151] INFO  o.e.m.c.i.embedder.EclipseLogger - Using 'UTF-8' encoding to copy filtered resources.
2016-07-11 00:36:35,345 [Worker-151] INFO  o.e.m.c.i.embedder.EclipseLogger - Copying 0 resource
2016-07-11 00:37:01,173 [Worker-151] INFO  o.e.m.c.i.l.LifecycleMappingFactory - Using org.eclipse.m2e.jdt.JarLifecycleMapping lifecycle mapping for MavenProject: com.webvue.ecom:ecom-core:0.0.1-SNAPSHOT @ C:\work\startup\ecom_iteration4\ecom-core\pom.xml.
2016-07-11 00:37:01,638 [Worker-151] INFO  o.e.m.c.i.e.AbstractTransferListenerAdapter - Downloading https://repo.maven.apache.org/maven2/org/springframework/spring-test/4.3.0.RELEASE/spring-test-4.3.0.RELEASE.pom
2016-07-11 00:37:01,679 [Worker-151] INFO  o.e.m.c.i.e.AbstractTransferListenerAdapter - Downloaded https://repo.maven.apache.org/maven2/org/springframework/spring-test/4.3.0.RELEASE/spring-test-4.3.0.RELEASE.pom
2016-07-11 00:37:01,804 [Worker-151] INFO  o.e.m.c.i.e.AbstractTransferListenerAdapter - Downloading https://repo.maven.apache.org/maven2/org/springframework/spring-test/4.3.0.RELEASE/spring-test-4.3.0.RELEASE.jar
2016-07-11 00:37:02,749 [Worker-151] INFO  o.e.m.c.i.e.AbstractTransferListenerAdapter - Downloaded https://repo.maven.apache.org/maven2/org/springframework/spring-test/4.3.0.RELEASE/spring-test-4.3.0.RELEASE.jar
2016-07-11 00:37:03,468 [Worker-151] INFO  o.e.m.c.i.embedder.EclipseLogger - Using 'UTF-8' encoding to copy filtered resources.
2016-07-11 00:37:03,477 [Worker-151] INFO  o.e.m.c.i.embedder.EclipseLogger - Copying 0 resource
2016-07-11 00:37:03,480 [Worker-151] INFO  o.e.m.c.i.embedder.EclipseLogger - Using 'UTF-8' encoding to copy filtered resources.
2016-07-11 00:37:03,480 [Worker-151] INFO  o.e.m.c.i.embedder.EclipseLogger - Copying 0 resource
2016-07-11 00:37:05,952 [Worker-150] INFO  o.e.m.c.i.embedder.EclipseLogger - Using 'UTF-8' encoding to copy filtered resources.
2016-07-11 00:37:05,953 [Worker-150] INFO  o.e.m.c.i.embedder.EclipseLogger - Copying 1 resource
2016-07-11 00:37:05,967 [Worker-150] INFO  o.e.m.c.i.embedder.EclipseLogger - Using 'UTF-8' encoding to copy filtered resources.
2016-07-11 00:37:05,968 [Worker-150] INFO  o.e.m.c.i.embedder.EclipseLogger - Copying 0 resource
2016-07-11 00:37:15,954 [Worker-151] INFO  o.e.m.c.i.embedder.EclipseLogger - Using 'UTF-8' encoding to copy filtered resources.
2016-07-11 00:37:15,955 [Worker-151] INFO  o.e.m.c.i.embedder.EclipseLogger - Copying 0 resource
2016-07-11 00:37:15,956 [Worker-151] INFO  o.e.m.c.i.embedder.EclipseLogger - Using 'UTF-8' encoding to copy filtered resources.
2016-07-11 00:37:15,956 [Worker-151] INFO  o.e.m.c.i.embedder.EclipseLogger - Copying 0 resource
2016-07-11 00:37:46,720 [Worker-141] INFO  o.e.m.c.i.embedder.EclipseLogger - Using 'UTF-8' encoding to copy filtered resources.
2016-07-11 00:37:46,720 [Worker-141] INFO  o.e.m.c.i.embedder.EclipseLogger - Copying 0 resource
2016-07-11 00:37:46,721 [Worker-141] INFO  o.e.m.c.i.embedder.EclipseLogger - Using 'UTF-8' encoding to copy filtered resources.
2016-07-11 00:37:46,721 [Worker-141] INFO  o.e.m.c.i.embedder.EclipseLogger - Copying 0 resource
2016-07-11 00:38:26,697 [Worker-150] INFO  o.e.m.c.i.l.LifecycleMappingFactory - Using org.eclipse.m2e.jdt.JarLifecycleMapping lifecycle mapping for MavenProject: com.webvue.ecom:ecom-core:0.0.1-SNAPSHOT @ C:\work\startup\ecom_iteration4\ecom-core\pom.xml.
2016-07-11 00:38:27,812 [Worker-150] INFO  o.e.m.c.i.embedder.EclipseLogger - Using 'UTF-8' encoding to copy filtered resources.
2016-07-11 00:38:27,820 [Worker-150] INFO  o.e.m.c.i.embedder.EclipseLogger - Copying 0 resource
2016-07-11 00:38:27,823 [Worker-150] INFO  o.e.m.c.i.embedder.EclipseLogger - Using 'UTF-8' encoding to copy filtered resources.
2016-07-11 00:38:27,823 [Worker-150] INFO  o.e.m.c.i.embedder.EclipseLogger - Copying 0 resource
2016-07-11 00:38:30,454 [Worker-153] INFO  o.e.m.c.i.embedder.EclipseLogger - Using 'UTF-8' encoding to copy filtered resources.
2016-07-11 00:38:30,456 [Worker-153] INFO  o.e.m.c.i.embedder.EclipseLogger - Copying 1 resource
2016-07-11 00:38:30,487 [Worker-153] INFO  o.e.m.c.i.embedder.EclipseLogger - Using 'UTF-8' encoding to copy filtered resources.
2016-07-11 00:38:30,488 [Worker-153] INFO  o.e.m.c.i.embedder.EclipseLogger - Copying 0 resource
2016-07-11 00:38:38,392 [Worker-147] INFO  o.e.m.c.i.embedder.EclipseLogger - Using 'UTF-8' encoding to copy filtered resources.
2016-07-11 00:38:38,393 [Worker-147] INFO  o.e.m.c.i.embedder.EclipseLogger - Copying 0 resource
2016-07-11 00:38:38,394 [Worker-147] INFO  o.e.m.c.i.embedder.EclipseLogger - Using 'UTF-8' encoding to copy filtered resources.
2016-07-11 00:38:38,395 [Worker-147] INFO  o.e.m.c.i.embedder.EclipseLogger - Copying 0 resource
2016-07-11 00:38:57,497 [Worker-141] INFO  o.e.m.c.i.embedder.EclipseLogger - Using 'UTF-8' encoding to copy filtered resources.
2016-07-11 00:38:57,498 [Worker-141] INFO  o.e.m.c.i.embedder.EclipseLogger - Copying 1 resource
2016-07-11 00:38:57,499 [Worker-141] INFO  o.e.m.c.i.embedder.EclipseLogger - Using 'UTF-8' encoding to copy filtered resources.
2016-07-11 00:38:57,499 [Worker-141] INFO  o.e.m.c.i.embedder.EclipseLogger - Copying 0 resource
2016-07-11 00:39:07,803 [Worker-153] INFO  o.e.m.c.i.embedder.EclipseLogger - Using 'UTF-8' encoding to copy filtered resources.
2016-07-11 00:39:07,804 [Worker-153] INFO  o.e.m.c.i.embedder.EclipseLogger - Copying 1 resource
2016-07-11 00:39:07,808 [Worker-153] INFO  o.e.m.c.i.embedder.EclipseLogger - Using 'UTF-8' encoding to copy filtered resources.
2016-07-11 00:39:07,808 [Worker-153] INFO  o.e.m.c.i.embedder.EclipseLogger - Copying 0 resource
2016-07-11 00:39:38,371 [Worker-151] INFO  o.e.m.c.i.embedder.EclipseLogger - Using 'UTF-8' encoding to copy filtered resources.
2016-07-11 00:39:38,372 [Worker-151] INFO  o.e.m.c.i.embedder.EclipseLogger - Copying 0 resource
2016-07-11 00:39:38,375 [Worker-151] INFO  o.e.m.c.i.embedder.EclipseLogger - Using 'UTF-8' encoding to copy filtered resources.
2016-07-11 00:39:38,376 [Worker-151] INFO  o.e.m.c.i.embedder.EclipseLogger - Copying 0 resource
2016-07-11 00:40:38,832 [Worker-147] INFO  o.e.m.c.i.embedder.EclipseLogger - Using 'UTF-8' encoding to copy filtered resources.
2016-07-11 00:40:38,833 [Worker-147] INFO  o.e.m.c.i.embedder.EclipseLogger - Copying 1 resource
2016-07-11 00:40:38,835 [Worker-147] INFO  o.e.m.c.i.embedder.EclipseLogger - Using 'UTF-8' encoding to copy filtered resources.
2016-07-11 00:40:38,836 [Worker-147] INFO  o.e.m.c.i.embedder.EclipseLogger - Copying 0 resource
2016-07-11 00:41:03,520 [Worker-141] INFO  o.e.m.c.i.embedder.EclipseLogger - Using 'UTF-8' encoding to copy filtered resources.
2016-07-11 00:41:03,521 [Worker-141] INFO  o.e.m.c.i.embedder.EclipseLogger - Copying 1 resource
2016-07-11 00:41:03,525 [Worker-141] INFO  o.e.m.c.i.embedder.EclipseLogger - Using 'UTF-8' encoding to copy filtered resources.
2016-07-11 00:41:03,525 [Worker-141] INFO  o.e.m.c.i.embedder.EclipseLogger - Copying 0 resource
2016-07-11 00:41:06,491 [Worker-141] INFO  o.e.m.c.i.embedder.EclipseLogger - Using 'UTF-8' encoding to copy filtered resources.
2016-07-11 00:41:06,494 [Worker-141] INFO  o.e.m.c.i.embedder.EclipseLogger - Copying 1 resource
2016-07-11 00:41:06,524 [Worker-141] INFO  o.e.m.c.i.embedder.EclipseLogger - Using 'UTF-8' encoding to copy filtered resources.
2016-07-11 00:41:06,524 [Worker-141] INFO  o.e.m.c.i.embedder.EclipseLogger - Copying 0 resource
2016-07-11 00:41:17,009 [Worker-155] INFO  o.e.m.c.i.embedder.EclipseLogger - Using 'UTF-8' encoding to copy filtered resources.
2016-07-11 00:41:17,011 [Worker-155] INFO  o.e.m.c.i.embedder.EclipseLogger - Copying 1 resource
2016-07-11 00:41:17,013 [Worker-155] INFO  o.e.m.c.i.embedder.EclipseLogger - Using 'UTF-8' encoding to copy filtered resources.
2016-07-11 00:41:17,013 [Worker-155] INFO  o.e.m.c.i.embedder.EclipseLogger - Copying 0 resource
2016-07-11 00:41:58,256 [Worker-141] INFO  o.e.m.c.i.embedder.EclipseLogger - Using 'UTF-8' encoding to copy filtered resources.
2016-07-11 00:41:58,257 [Worker-141] INFO  o.e.m.c.i.embedder.EclipseLogger - Copying 1 resource
2016-07-11 00:41:58,258 [Worker-141] INFO  o.e.m.c.i.embedder.EclipseLogger - Using 'UTF-8' encoding to copy filtered resources.
2016-07-11 00:41:58,258 [Worker-141] INFO  o.e.m.c.i.embedder.EclipseLogger - Copying 0 resource
2016-07-11 00:43:07,499 [Worker-152] INFO  o.e.m.c.i.embedder.EclipseLogger - Using 'UTF-8' encoding to copy filtered resources.
2016-07-11 00:43:07,500 [Worker-152] INFO  o.e.m.c.i.embedder.EclipseLogger - Copying 1 resource
2016-07-11 00:43:07,502 [Worker-152] INFO  o.e.m.c.i.embedder.EclipseLogger - Using 'UTF-8' encoding to copy filtered resources.
2016-07-11 00:43:07,502 [Worker-152] INFO  o.e.m.c.i.embedder.EclipseLogger - Copying 0 resource
2016-07-11 00:43:51,970 [Worker-154] INFO  o.e.m.c.i.embedder.EclipseLogger - Using 'UTF-8' encoding to copy filtered resources.
2016-07-11 00:43:51,971 [Worker-154] INFO  o.e.m.c.i.embedder.EclipseLogger - Copying 1 resource
2016-07-11 00:43:51,976 [Worker-154] INFO  o.e.m.c.i.embedder.EclipseLogger - Using 'UTF-8' encoding to copy filtered resources.
2016-07-11 00:43:51,977 [Worker-154] INFO  o.e.m.c.i.embedder.EclipseLogger - Copying 0 resource
2016-07-11 00:43:58,591 [Worker-152] INFO  o.e.m.c.i.embedder.EclipseLogger - Using 'UTF-8' encoding to copy filtered resources.
2016-07-11 00:43:58,592 [Worker-152] INFO  o.e.m.c.i.embedder.EclipseLogger - Copying 1 resource
2016-07-11 00:43:58,594 [Worker-152] INFO  o.e.m.c.i.embedder.EclipseLogger - Using 'UTF-8' encoding to copy filtered resources.
2016-07-11 00:43:58,594 [Worker-152] INFO  o.e.m.c.i.embedder.EclipseLogger - Copying 0 resource
2016-07-11 00:44:01,740 [Worker-141] INFO  o.e.m.c.i.embedder.EclipseLogger - Using 'UTF-8' encoding to copy filtered resources.
2016-07-11 00:44:01,741 [Worker-141] INFO  o.e.m.c.i.embedder.EclipseLogger - Copying 1 resource
2016-07-11 00:44:01,742 [Worker-141] INFO  o.e.m.c.i.embedder.EclipseLogger - Using 'UTF-8' encoding to copy filtered resources.
2016-07-11 00:44:01,742 [Worker-141] INFO  o.e.m.c.i.embedder.EclipseLogger - Copying 0 resource
2016-07-11 00:44:12,375 [Worker-154] INFO  o.e.m.c.i.embedder.EclipseLogger - Using 'UTF-8' encoding to copy filtered resources.
2016-07-11 00:44:12,376 [Worker-154] INFO  o.e.m.c.i.embedder.EclipseLogger - Copying 1 resource
2016-07-11 00:44:12,379 [Worker-154] INFO  o.e.m.c.i.embedder.EclipseLogger - Using 'UTF-8' encoding to copy filtered resources.
2016-07-11 00:44:12,379 [Worker-154] INFO  o.e.m.c.i.embedder.EclipseLogger - Copying 0 resource
2016-07-11 00:44:16,430 [Worker-151] INFO  o.e.m.c.i.embedder.EclipseLogger - Using 'UTF-8' encoding to copy filtered resources.
2016-07-11 00:44:16,431 [Worker-151] INFO  o.e.m.c.i.embedder.EclipseLogger - Copying 1 resource
2016-07-11 00:44:16,432 [Worker-151] INFO  o.e.m.c.i.embedder.EclipseLogger - Using 'UTF-8' encoding to copy filtered resources.
2016-07-11 00:44:16,433 [Worker-151] INFO  o.e.m.c.i.embedder.EclipseLogger - Copying 0 resource
2016-07-11 00:44:20,032 [Worker-151] INFO  o.e.m.c.i.embedder.EclipseLogger - Using 'UTF-8' encoding to copy filtered resources.
2016-07-11 00:44:20,033 [Worker-151] INFO  o.e.m.c.i.embedder.EclipseLogger - Copying 1 resource
2016-07-11 00:44:20,034 [Worker-151] INFO  o.e.m.c.i.embedder.EclipseLogger - Using 'UTF-8' encoding to copy filtered resources.
2016-07-11 00:44:20,035 [Worker-151] INFO  o.e.m.c.i.embedder.EclipseLogger - Copying 0 resource
2016-07-11 00:45:09,781 [Worker-153] INFO  o.e.m.c.i.embedder.EclipseLogger - Using 'UTF-8' encoding to copy filtered resources.
2016-07-11 00:45:09,782 [Worker-153] INFO  o.e.m.c.i.embedder.EclipseLogger - Copying 1 resource
2016-07-11 00:45:09,787 [Worker-153] INFO  o.e.m.c.i.embedder.EclipseLogger - Using 'UTF-8' encoding to copy filtered resources.
2016-07-11 00:45:09,788 [Worker-153] INFO  o.e.m.c.i.embedder.EclipseLogger - Copying 0 resource
2016-07-11 00:56:45,666 [Worker-158] INFO  o.e.m.c.i.embedder.EclipseLogger - Using 'UTF-8' encoding to copy filtered resources.
2016-07-11 00:56:45,697 [Worker-158] INFO  o.e.m.c.i.embedder.EclipseLogger - Copying 1 resource
2016-07-11 00:56:45,698 [Worker-158] INFO  o.e.m.c.i.embedder.EclipseLogger - Using 'UTF-8' encoding to copy filtered resources.
2016-07-11 00:56:45,699 [Worker-158] INFO  o.e.m.c.i.embedder.EclipseLogger - Copying 0 resource
